<?xml version="1.0" encoding="UTF-8"?>
  <testsuite name="MyIntSlice Suite" tests="14" failures="0" errors="0" time="0">
      <testcase name="intslice.MyIntSlice slice creation with no elements should be an empty int slice" classname="MyIntSlice Suite" time="4.0678e-05"></testcase>
      <testcase name="intslice.MyIntSlice slice creation with one element should be have same int value on int slice" classname="MyIntSlice Suite" time="1.5237e-05"></testcase>
      <testcase name="intslice.MyIntSlice slice creation with two elements should be have same int values on int slice" classname="MyIntSlice Suite" time="1.3802e-05"></testcase>
      <testcase name="intslice.MyIntSlice slice creation with more than two elements should be have same int values on int slice with same elements" classname="MyIntSlice Suite" time="1.4624e-05"></testcase>
      <testcase name="intslice.MyIntSlice MyIntSlice sort with no elements should be an empty int slice" classname="MyIntSlice Suite" time="3.4165e-05"></testcase>
      <testcase name="intslice.MyIntSlice MyIntSlice sort with one element should be same int value slice" classname="MyIntSlice Suite" time="3.3141e-05"></testcase>
      <testcase name="intslice.MyIntSlice MyIntSlice sort with two desc element should be same int value slice" classname="MyIntSlice Suite" time="2.9891e-05"></testcase>
      <testcase name="intslice.MyIntSlice MyIntSlice sort with more than two unsorted elements should be have same int values on int slice with same elements sorted" classname="MyIntSlice Suite" time="3.5919e-05"></testcase>
      <testcase name="intslice.MyIntSlice go intSlice sort with no elements should be an empty int slice" classname="MyIntSlice Suite" time="1.3186e-05"></testcase>
      <testcase name="intslice.MyIntSlice go intSlice sort with one element should be same int value slice" classname="MyIntSlice Suite" time="1.4074e-05"></testcase>
      <testcase name="intslice.MyIntSlice go intSlice sort with two desc element should be same int value slice" classname="MyIntSlice Suite" time="1.4406e-05"></testcase>
      <testcase name="intslice.MyIntSlice go intSlice sort with more than two unsorted elements should be have same int values on int slice with same elements sorted" classname="MyIntSlice Suite" time="1.4813e-05"></testcase>
      <testcase name="intslice.MyIntSlice compare sorts with many unsorted elements should be have same int values on int slice with same elements sorted go" classname="MyIntSlice Suite" time="5.4161e-05"></testcase>
      <testcase name="intslice.MyIntSlice compare sorts with many unsorted elements should be have same int values on int slice with same elements sorted mine" classname="MyIntSlice Suite" time="1.4021e-05"></testcase>
  </testsuite>