<?xml version="1.0" encoding="UTF-8"?>
  <testsuite name="IntSlice Suite" tests="4" failures="0" errors="0" time="0">
      <testcase name="IntSlice test 1 with x1 should be y1" classname="IntSlice Suite" time="7.315e-06"></testcase>
      <testcase name="IntSlice test 1 with x2 should be y2" classname="IntSlice Suite" time="2.632e-06"></testcase>
      <testcase name="IntSlice test 1 with x3 should be y3" classname="IntSlice Suite" time="1.384e-06"></testcase>
      <testcase name="IntSlice test 1 with x4 should be y4" classname="IntSlice Suite" time="1.659e-06"></testcase>
  </testsuite>