<?xml version="1.0" encoding="UTF-8"?>
  <testsuite name="MyIntSlice Suite" tests="14" failures="0" errors="0" time="0.03">
      <testcase name="intslice.MyIntSlice slice creation with no elements should be an empty int slice" classname="MyIntSlice Suite" time="9.894e-06"></testcase>
      <testcase name="intslice.MyIntSlice slice creation with one element should be have same int value on int slice" classname="MyIntSlice Suite" time="2.431e-06"></testcase>
      <testcase name="intslice.MyIntSlice slice creation with two elements should be have same int values on int slice" classname="MyIntSlice Suite" time="2.123e-06"></testcase>
      <testcase name="intslice.MyIntSlice slice creation with more than two elements should be have same int values on int slice with same elements" classname="MyIntSlice Suite" time="2.464e-06"></testcase>
      <testcase name="intslice.MyIntSlice MyIntSlice sort with no elements should be an empty int slice" classname="MyIntSlice Suite" time="1.622e-06"></testcase>
      <testcase name="intslice.MyIntSlice MyIntSlice sort with one element should be same int value slice" classname="MyIntSlice Suite" time="2.118e-06"></testcase>
      <testcase name="intslice.MyIntSlice MyIntSlice sort with two desc element should be same int value slice" classname="MyIntSlice Suite" time="2.587e-06"></testcase>
      <testcase name="intslice.MyIntSlice MyIntSlice sort with more than two unsorted elements should be have same int values on int slice with same elements sorted" classname="MyIntSlice Suite" time="2.093e-06"></testcase>
      <testcase name="intslice.MyIntSlice MyIntSlice sort with many unsorted elements should be have same int values on int slice with same elements sorted" classname="MyIntSlice Suite" time="0.028482795"></testcase>
      <testcase name="intslice.MyIntSlice go intSlice sort with no elements should be an empty int slice" classname="MyIntSlice Suite" time="8.36e-06"></testcase>
      <testcase name="intslice.MyIntSlice go intSlice sort with one element should be same int value slice" classname="MyIntSlice Suite" time="3.223e-06"></testcase>
      <testcase name="intslice.MyIntSlice go intSlice sort with two desc element should be same int value slice" classname="MyIntSlice Suite" time="2.489e-06"></testcase>
      <testcase name="intslice.MyIntSlice go intSlice sort with more than two unsorted elements should be have same int values on int slice with same elements sorted" classname="MyIntSlice Suite" time="2.779e-06"></testcase>
      <testcase name="intslice.MyIntSlice go intSlice sort with many unsorted elements should be have same int values on int slice with same elements sorted" classname="MyIntSlice Suite" time="0.001444883"></testcase>
  </testsuite>