<?xml version="1.0" encoding="UTF-8"?>
  <testsuite name="MyIntSlice Suite" tests="14" failures="2" errors="0" time="0.039">
      <testcase name="intslice.MyIntSlice slice creation with no elements should be an empty int slice" classname="MyIntSlice Suite" time="2.4436e-05"></testcase>
      <testcase name="intslice.MyIntSlice slice creation with one element should be have same int value on int slice" classname="MyIntSlice Suite" time="2.883e-06"></testcase>
      <testcase name="intslice.MyIntSlice slice creation with two elements should be have same int values on int slice" classname="MyIntSlice Suite" time="2.4e-06"></testcase>
      <testcase name="intslice.MyIntSlice slice creation with more than two elements should be have same int values on int slice with same elements" classname="MyIntSlice Suite" time="1.954e-06"></testcase>
      <testcase name="intslice.MyIntSlice MyIntSlice sort with no elements should be an empty int slice" classname="MyIntSlice Suite" time="1.376e-06"></testcase>
      <testcase name="intslice.MyIntSlice MyIntSlice sort with one element should be same int value slice" classname="MyIntSlice Suite" time="1.507e-06"></testcase>
      <testcase name="intslice.MyIntSlice MyIntSlice sort with two desc element should be same int value slice" classname="MyIntSlice Suite" time="1.587e-06"></testcase>
      <testcase name="intslice.MyIntSlice MyIntSlice sort with more than two unsorted elements should be have same int values on int slice with same elements sorted" classname="MyIntSlice Suite" time="2.285e-06"></testcase>
      <testcase name="intslice.MyIntSlice MyIntSlice sort with many unsorted elements should be have same int values on int slice with same elements sorted" classname="MyIntSlice Suite" time="0.034479253">003060781
          <failure type="Failure">/go/src/github.com/alexunjm/golang-study-repo/intslice/intslice_test.go:88&#xA;Expected&#xA;    &lt;intslice.MyIntSlice | len:9999, cap:9999&gt;: [0, 1, 2, 2, 3, 4, 5, 7, 7, 8, 8, 9, 12, 13, 14, 16, 17, 20, 21, 22, 23, 23, 27, 28, 29, 29, 29, 30, 30, 32, 33, 33, 33, 36, 36, 36, 36, 36, 37, 39, 40, 40, 40, 41, 43, 44, 44, 46, 49, 50, 50, 50, 50, 51, 53, 53, 53, 55, 56, 57, 58, 60, 60, 61, 61, 63, 64, 64, 67, 68, 69, 69, 72, 74, 74, 74, 74, 75, 75, 75, 76, 81, 84, 84, 84, 87, 88, 88, 90, 91, 92, 93, 93, 96, 96, 97, 98, 98, 98, 99, 99, 100, 101, 102, 103, 105, 106, 108, 111, 113, 114, 114, 116, 117, 118, 123, 127, 131, 135, 137, 140, 140, 141, 143, 144, 144, 144, 147, 150, 152, 152, 152, 153, 153, 156, 157, 157, 160, 161, 161, 161, 162, 163, 165, 166, 167, 168, 169, 169, 170, 170, 171, 171, 172, 174, 174, 174, 175, 175, 176, 179, 179, 180, 180, 182, 183, 183, 184, 185, 185, 188, 190, 190, 191, 193, 194, 194, 195, 195, 197, 197, 198, 198, 198, 200, 203, 204, 205, 209, 211, 214, 214, 215, 216, 217, 218, 218, 219, 220, 220, 221, 226, 227, 229, 230, 230, 231, 231, 232, 234, 235, 237, 237, 238, 239, 239, 243, 246, 249, 249, 250, 250, 250, 254, 254, 255, 258, 258, 259, 259, 264, 264, 264, 267, 267, 268, 270, 272, 275, 276, 276, 277, 277, 280, 280, 280, 280, 280, 280, 281, 281, 282, 282, 283, 283, 286, 287, 293, 296, 297, 300, 301, 301, 302, 302, 302, 303, 303, 304, 304, 307, 307, 312, 314, 315, 316, 316, 317, 317, 319, 323, 325, 325, 326, 327, 329, 329, 329, 330, 330, 330, 330, 332, 333, 333, 336, 337, 337, 337, 337, 338, 344, 346, 346, 348, 348, 349, 351, 356, 356, 356, 358, 359, 359, 360, 361, 361, 362, 362, 363, 363, 364, 364, 365, 369, 369, 370, 370, 371, 373, 373, 374, 374, 375, 375, 375, 376, 376, 378, 379, 380, 381, 381, 386, 388, 391, 391, 392, 392, 392, 392, 392, 396, 396, 397, 398, 398, 399, 399, 400, 401, 402, 402, 403, 403, 405, 406, 406, 407, 408, 408, 409, 409, 409, 410, 411, 412, 412, 414, 415, 417, 417, 417, 418, 418, 418, 420, 420, 423, 424, 426, 426, 426, 427, 428, 428, 430, 430, 431, 433, 433, 434, 435, 435, 435, 437, 438, 439, 439, 442, 443, 444, 444, 446, 446, 447, 447, 449, 450, 450, 450, 451, 451, 452, 452, 452, 453, 457, 458, 458, 460, 461, 461, 463, 467, 467, 468, 470, 470, 470, 470, 470, 471, 471, 472, 472, 472, 472, 472, 472, 473, 475, 475, 477, 477, 480, 480, 481, 481, 482, 484, 486, 486, 487, 488, 490, 491, 491, 492, 493, 493, 495, 496, 497, 499, 500, 500, 501, 501, 503, 503, 503, 504, 504, 505, 506, 507, 508, 509, 511, 512, 513, 514, 514, 515, 515, 515, 516, 516, 516, 518, 523, 524, 524, 524, 524, 525, 528, 529, 529, 530, 532, 533, 533, 533, 533, 536, 536, 538, 538, 542, 542, 545, 545, 545, 549, 552, 552, 552, 553, 553, 557, 557, 557, 558, 560, 561, 561, 561, 561, 561, 562, 562, 562, 564, 564, 567, 567, 567, 569, 569, 571, 572, 573, 573, 576, 581, 582, 583, 585, 587, 587, 588, 589, 589, 592, 592, 592, 592, 594, 594, 595, 596, 597, 597, 598, 598, 599, 601, 602, 602, 603, 603, 604, 604, 605, 605, 605, 605, 606, 607, 607, 608, 611, 611, 614, 615, 615, 615, 616, 619, 620, 621, 621, 622, 622, 623, 623, 623, 625, 627, 628, 628, 631, 633, 634, 635, 635, 639, 640, 640, 641, 641, 642, 643, 644, 645, 647, 648, 648, 649, 650, 653, 654, 655, 657, 657, 659, 660, 660, 661, 662, 662, 663, 663, 665, 668, 670, 670, 672, 672, 673, 673, 673, 676, 677, 678, 678, 679, 681, 681, 681, 681, 681, 682, 684, 686, 690, 690, 693, 694, 694, 694, 695, 695, 696, 696, 696, 697, 699, 699, 699, 700, 701, 701, 705, 706, 707, 707, 712, 713, 714, 715, 716, 717, 719, 720, 720, 722, 722, 723, 723, 724, 725, 725, 726, 726, 729, 729, 729, 730, 730, 731, 731, 732, 733, 733, 734, 734, 737, 739, 743, 743, 744, 744, 745, 745, 745, 745, 747, 748, 752, 752, 752, 752, 753, 753, 754, 754, 755, 755, 756, 757, 757, 757, 758, 758, 760, 760, 763, 766, 767, 768, 768, 769, 769, 771, 772, 772, 775, 776, 776, 776, 777, 778, 779, 779, 781, 782, 783, 784, 785, 785, 785, 785, 787, 787, 790, 792, 794, 794, 794, 796, 797, 798, 800, 800, 802, 803, 804, 804, 804, 807, 808, 809, 810, 811, 812, 815, 816, 817, 817, 818, 818, 819, 819, 819, 819, 819, 820, 820, 826, 828, 828, 831, 831, 832, 832, 833, 833, 834, 834, 834, 835, 835, 836, 837, 843, 844, 844, 844, 846, 849, 849, 851, 852, 852, 853, 853, 854, 860, 860, 860, 861, 861, 863, 863, 863, 863, 864, 864, 864, 866, 866, 868, 869, 869, 871, 872, 874, 874, 875, 876, 878, 879, 879, 879, 880, 883, 883, 884, 885, 886, 886, 886, 888, 889, 890, 892, 892, 892, 893, 893, 894, 896, 896, 896, 898, 899, 900, 905, 906, 909, 911, 912, 912, 912, 914, 915, 915, 917, 918, 919, 920, 920, 921, 921, 922, 922, 922, 922, 923, 923, 923, 924, 924, 924, 926, 927, 927, 928, 928, 930, 931, 932, 932, 933, 933, 934, 936, 937, 938, 938, 938, 938, 939, 939, 940, 942, 945, 948, 949, 949, 950, 955, 956, 957, 960, 960, 963, 963, 965, 967, 969, 971, 972, 973, 973, 973, 974, 979, 979, 980, 981, 981, 981, 981, 983, 983, 984, 985, 985, 985, 989, 990, 992, 992, 993, 995, 996, 999, 999, 1000, 1004, 1004, 1005, 1005, 1006, 1006, 1008, 1010, 1010, 1010, 1011, 1011, 1011, 1012, 1012, 1012, 1012, 1015, 1015, 1015, 1017, 1017, 1017, 1018, 1018, 1019, 1019, 1022, 1022, 1023, 1024, 1026, 1026, 1027, 1027, 1027, 1028, 1028, 1029, 1029, 1030, 1031, 1032, 1033, 1034, 1034, 1034, 1035, 1036, 1036, 1037, 1040, 1040, 1042, 1044, 1045, 1046, 1047, 1047, 1048, 1048, 1049, 1049, 1049, 1049, 1052, 1055, 1056, 1058, 1058, 1060, 1060, 1062, 1062, 1065, 1066, 1066, 1068, 1069, 1069, 1072, 1072, 1073, 1073, 1076, 1077, 1077, 1077, 1077, 1078, 1079, 1080, 1081, 1081, 1083, 1083, 1083, 1084, 1087, 1089, 1089, 1089, 1090, 1092, 1092, 1095, 1095, 1095, 1096, 1096, 1096, 1097, 1097, 1098, 1099, 1099, 1099, 1101, 1101, 1102, 1103, 1106, 1107, 1108, 1110, 1110, 1112, 1113, 1114, 1114, 1116, 1117, 1118, 1121, 1123, 1123, 1124, 1124, 1126, 1126, 1126, 1129, 1129, 1130, 1131, 1132, 1134, 1135, 1136, 1138, 1138, 1139, 1141, 1141, 1142, 1142, 1142, 1144, 1144, 1145, 1147, 1151, 1151, 1152, 1153, 1154, 1155, 1155, 1155, 1156, 1157, 1158, 1159, 1160, 1160, 1161, 1162, 1162, 1164, 1165, 1166, 1168, 1169, 1170, 1173, 1177, 1179, 1181, 1182, 1185, 1186, 1188, 1188, 1190, 1191, 1192, 1193, 1193, 1194, 1195, 1196, 1196, 1197, 1199, 1202, 1203, 1204, 1204, 1205, 1205, 1206, 1210, 1210, 1210, 1211, 1212, 1216, 1216, 1219, 1220, 1222, 1222, 1223, 1225, 1227, 1228, 1229, 1231, 1231, 1231, 1233, 1233, 1233, 1235, 1235, 1237, 1238, 1239, 1239, 1241, 1241, 1243, 1244, 1247, 1248, 1250, 1251, 1251, 1252, 1253, 1254, 1255, 1255, 1256, 1257, 1263, 1265, 1267, 1267, 1269, 1270, 1272, 1273, 1276, 1277, 1278, 1278, 1280, 1280, 1281, 1281, 1281, 1283, 1286, 1287, 1287, 1288, 1289, 1289, 1289, 1292, 1293, 1293, 1294, 1295, 1296, 1298, 1299, 1301, 1301, 1302, 1305, 1307, 1310, 1310, 1310, 1311, 1311, 1312, 1313, 1314, 1315, 1315, 1316, 1317, 1317, 1317, 1317, 1317, 1318, 1319, 1319, 1319, 1319, 1322, 1325, 1326, 1326, 1326, 1326, 1329, 1330, 1335, 1336, 1338, 1338, 1340, 1341, 1342, 1343, 1344, 1344, 1345, 1346, 1347, 1351, 1352, 1352, 1352, 1354, 1354, 1355, 1356, 1356, 1357, 1357, 1357, 1358, 1359, 1359, 1359, 1361, 1361, 1361, 1362, 1363, 1364, 1367, 1368, 1370, 1372, 1372, 1372, 1373, 1374, 1375, 1375, 1376, 1376, 1376, 1377, 1378, 1378, 1378, 1379, 1380, 1380, 1381, 1382, 1384, 1385, 1386, 1387, 1389, 1391, 1391, 1392, 1392, 1393, 1394, 1394, 1394, 1395, 1395, 1396, 1397, 1397, 1397, 1398, 1399, 1399, 1400, 1400, 1401, 1401, 1404, 1407, 1407, 1409, 1409, 1409, 1410, 1412, 1413, 1413, 1414, 1415, 1416, 1416, 1417, 1417, 1418, 1418, 1418, 1418, 1419, 1421, 1423, 1424, 1424, 1425, 1426, 1427, 1429, 1429, 1430, 1430, 1431, 1432, 1433, 1433, 1433, 1434, 1435, 1436, 1438, 1439, 1439, 1440, 1441, 1442, 1443, 1443, 1443, 1444, 1445, 1445, 1447, 1450, 1452, 1455, 1455, 1456, 1458, 1458, 1459, 1459, 1460, 1461, 1462, 1462, 1462, 1462, 1463, 1463, 1464, 1464, 1464, 1466, 1466, 1467, 1470, 1470, 1471, 1471, 1472, 1472, 1474, 1474, 1475, 1479, 1480, 1480, 1482, 1484, 1485, 1485, 1485, 1486, 1486, 1490, 1491, 1493, 1497, 1497, 1500, 1503, 1504, 1506, 1507, 1508, 1509, 1510, 1510, 1510, 1513, 1513, 1517, 1518, 1518, 1518, 1520, 1520, 1521, 1522, 1522, 1522, 1523, 1523, 1524, 1524, 1525, 1527, 1528, 1528, 1530, 1530, 1530, 1534, 1534, 1534, 1535, 1535, 1537, 1538, 1539, 1541, 1542, 1542, 1545, 1546, 1547, 1547, 1548, 1548, 1548, 1549, 1556, 1560, 1560, 1560, 1561, 1561, 1563, 1564, 1564, 1564, 1565, 1565, 1566, 1567, 1567, 1573, 1575, 1575, 1576, 1576, 1578, 1579, 1580, 1581, 1582, 1584, 1585, 1585, 1589, 1589, 1590, 1591, 1591, 1592, 1594, 1594, 1595, 1595, 1596, 1597, 1597, 1598, 1598, 1599, 1601, 1602, 1603, 1603, 1603, 1603, 1603, 1604, 1605, 1605, 1607, 1608, 1610, 1611, 1611, 1613, 1614, 1614, 1615, 1616, 1617, 1618, 1619, 1621, 1622, 1623, 1625, 1626, 1627, 1630, 1632, 1634, 1635, 1636, 1636, 1637, 1641, 1642, 1642, 1643, 1647, 1648, 1651, 1652, 1652, 1652, 1653, 1654, 1654, 1655, 1656, 1656, 1656, 1656, 1658, 1659, 1660, 1660, 1661, 1663, 1664, 1665, 1666, 1667, 1669, 1670, 1672, 1674, 1674, 1674, 1675, 1677, 1678, 1678, 1681, 1683, 1684, 1686, 1686, 1687, 1687, 1691, 1695, 1696, 1697, 1698, 1698, 1699, 1699, 1700, 1701, 1702, 1703, 1703, 1703, 1705, 1705, 1706, 1706, 1706, 1707, 1707, 1709, 1714, 1715, 1715, 1715, 1715, 1718, 1719, 1721, 1721, 1722, 1725, 1725, 1727, 1728, 1728, 1728, 1730, 1731, 1732, 1733, 1733, 1736, 1738, 1738, 1740, 1742, 1742, 1742, 1744, 1745, 1749, 1749, 1751, 1752, 1752, 1753, 1753, 1754, 1755, 1759, 1761, 1761, 1763, 1763, 1765, 1765, 1767, 1767, 1769, 1769, 1769, 1770, 1770, 1770, 1770, 1770, 1772, 1772, 1773, 1775, 1777, 1779, 1779, 1780, 1780, 1781, 1783, 1784, 1784, 1786, 1787, 1788, 1788, 1789, 1789, 1790, 1791, 1792, 1793, 1793, 1793, 1794, 1797, 1799, 1799, 1799, 1801, 1801, 1802, 1803, 1805, 1805, 1805, 1808, 1808, 1812, 1813, 1814, 1815, 1816, 1818, 1819, 1819, 1820, 1822, 1826, 1826, 1829, 1830, 1832, 1837, 1838, 1840, 1841, 1842, 1844, 1846, 1847, 1849, 1849, 1850, 1851, 1854, 1857, 1857, 1857, 1859, 1859, 1860, 1860, 1860, 1860, 1860, 1862, 1865, 1865, 1867, 1869, 1869, 1869, 1869, 1869, 1869, 1871, 1872, 1874, 1877, 1877, 1877, 1880, 1881, 1883, 1885, 1886, 1886, 1887, 1887, 1887, 1888, 1889, 1890, 1893, 1894, 1895, 1895, 1898, 1899, 1899, 1903, 1905, 1905, 1906, 1906, 1907, 1909, 1910, 1911, 1912, 1913, 1913, 1916, 1917, 1919, 1922, 1922, 1923, 1923, 1924, 1926, 1926, 1928, 1929, 1929, 1930, 1931, 1932, 1933, 1935, 1936, 1936, 1937, 1937, 1937, 1939, 1941, 1942, 1942, 1942, 1945, 1948, 1948, 1949, 1949, 1950, 1950, 1952, 1954, 1954, 1955, 1958, 1961, 1962, 1963, 1967, 1967, 1968, 1970, 1971, 1973, 1974, 1974, 1975, 1975, 1975, 1977, 1977, 1977, 1977, 1980, 1983, 1984, 1987, 1987, 1987, 1988, 1988, 1990, 1991, 1991, 1991, 1993, 1996, 1997, 1998, 2002, 2003, 2003, 2004, 2009, 2009, 2009, 2009, 2010, 2010, 2010, 2011, 2012, 2012, 2013, 2014, 2014, 2014, 2015, 2016, 2016, 2017, 2018, 2019, 2021, 2021, 2022, 2023, 2023, 2023, 2024, 2024, 2030, 2031, 2032, 2033, 2033, 2036, 2036, 2036, 2037, 2037, 2037, 2039, 2039, 2040, 2040, 2041, 2041, 2041, 2041, 2042, 2043, 2043, 2044, 2044, 2044, 2044, 2044, 2045, 2046, 2046, 2050, 2051, 2051, 2053, 2055, 2056, 2058, 2058, 2059, 2059, 2060, 2061, 2063, 2064, 2064, 2064, 2065, 2066, 2066, 2070, 2070, 2071, 2072, 2074, 2078, 2078, 2080, 2080, 2081, 2084, 2084, 2085, 2086, 2086, 2086, 2087, 2088, 2090, 2091, 2093, 2095, 2097, 2097, 2097, 2099, 2100, 2100, 2100, 2102, 2102, 2103, 2103, 2104, 2104, 2107, 2108, 2109, 2109, 2110, 2110, 2111, 2113, 2114, 2114, 2116, 2116, 2117, 2118, 2118, 2118, 2119, 2120, 2121, 2124, 2125, 2126, 2126, 2127, 2127, 2128, 2129, 2130, 2132, 2133, 2133, 2133, 2133, 2134, 2135, 2135, 2135, 2137, 2138, 2139, 2140, 2140, 2140, 2140, 2141, 2142, 2142, 2143, 2145, 2145, 2147, 2148, 2148, 2150, 2150, 2152, 2152, 2152, 2154, 2156, 2157, 2157, 2157, 2160, 2160, 2160, 2160, 2164, 2164, 2165, 2165, 2166, 2167, 2168, 2168, 2171, 2172, 2175, 2175, 2177, 2179, 2181, 2182, 2183, 2184, 2184, 2184, 2187, 2187, 2188, 2190, 2190, 2192, 2192, 2193, 2195, 2195, 2197, 2199, 2200, 2200, 2204, 2204, 2205, 2206, 2206, 2207, 2208, 2211, 2212, 2212, 2213, 2213, 2215, 2215, 2215, 2215, 2217, 2218, 2223, 2224, 2224, 2224, 2226, 2227, 2227, 2227, 2228, 2229, 2229, 2230, 2230, 2231, 2231, 2232, 2232, 2233, 2235, 2236, 2236, 2237, 2237, 2237, 2238, 2238, 2238, 2240, 2240, 2242, 2244, 2244, 2245, 2245, 2246, 2246, 2246, 2246, 2248, 2248, 2248, 2249, 2251, 2252, 2257, 2262, 2263, 2263, 2267, 2268, 2268, 2269, 2269, 2270, 2271, 2272, 2274, 2275, 2278, 2279, 2281, 2281, 2282, 2282, 2283, 2284, 2285, 2286, 2286, 2286, 2286, 2287, 2290, 2291, 2295, 2295, 2295, 2297, 2297, 2298, 2299, 2300, 2300, 2300, 2301, 2301, 2302, 2304, 2308, 2309, 2310, 2310, 2312, 2315, 2316, 2316, 2317, 2321, 2321, 2323, 2325, 2326, 2327, 2329, 2330, 2330, 2330, 2332, 2333, 2334, 2335, 2335, 2338, 2340, 2341, 2341, 2341, 2341, 2341, 2343, 2344, 2345, 2345, 2345, 2347, 2347, 2347, 2348, 2348, 2349, 2350, 2355, 2356, 2357, 2358, 2358, 2358, 2358, 2359, 2359, 2360, 2360, 2360, 2360, 2362, 2362, 2364, 2364, 2364, 2365, 2365, 2366, 2367, 2367, 2369, 2374, 2374, 2375, 2375, 2381, 2382, 2382, 2383, 2384, 2386, 2386, 2386, 2386, 2387, 2388, 2391, 2392, 2392, 2392, 2393, 2393, 2394, 2395, 2396, 2397, 2398, 2400, 2400, 2403, 2404, 2406, 2406, 2407, 2407, 2407, 2409, 2409, 2411, 2412, 2412, 2412, 2412, 2413, 2417, 2417, 2417, 2417, 2418, 2420, 2421, 2422, 2422, 2423, 2423, 2424, 2425, 2425, 2427, 2428, 2431, 2431, 2431, 2432, 2432, 2433, 2437, 2437, 2438, 2439, 2440, 2444, 2444, 2444, 2445, 2445, 2445, 2446, 2446, 2446, 2447, 2450, 2450, 2450, 2452, 2452, 2453, 2453, 2453, 2454, 2454, 2455, 2456, 2458, 2459, 2460, 2461, 2462, 2463, 2463, 2464, 2465, 2466, 2467, 2468, 2468, 2468, 2470, 2471, 2472, 2474, 2474, 2476, 2477, 2479, 2481, 2482, 2483, 2483, 2485, 2486, 2486, 2486, 2487, 2487, 2489, 2490, 2490, 2491, 2492, 2492, 2492, 2493, 2494, 2494, 2495, 2496, 2497, 2501, 2501, 2502, 2507, 2507, 2507, 2509, 2509, 2510, 2510, 2511, 2513, 2513, 2513, 2513, 2514, 2515, 2516, 2520, 2520, 2522, 2524, 2525, 2525, 2526, 2526, 2527, 2528, 2528, 2529, 2538, 2539, 2539, 2541, 2541, 2542, 2542, 2543, 2543, 2544, 2544, 2544, 2545, 2545, 2546, 2548, 2548, 2548, 2549, 2549, 2550, 2552, 2553, 2554, 2554, 2556, 2557, 2559, 2560, 2561, 2561, 2562, 2564, 2564, 2567, 2567, 2569, 2572, 2574, 2574, 2576, 2577, 2577, 2578, 2579, 2581, 2581, 2581, 2586, 2587, 2590, 2590, 2592, 2594, 2595, 2596, 2597, 2599, 2599, 2601, 2601, 2602, 2603, 2603, 2603, 2605, 2606, 2607, 2609, 2609, 2609, 2614, 2616, 2616, 2616, 2617, 2617, 2617, 2618, 2619, 2620, 2620, 2621, 2621, 2621, 2622, 2624, 2626, 2626, 2627, 2627, 2628, 2630, 2631, 2632, 2632, 2633, 2633, 2634, 2634, 2634, 2635, 2637, 2637, 2638, 2640, 2640, 2641, 2641, 2641, 2643, 2643, 2643, 2643, 2643, 2645, 2646, 2647, 2647, 2647, 2649, 2651, 2652, 2653, 2653, 2655, 2658, 2658, 2659, 2659, 2659, 2660, 2660, 2661, 2662, 2662, 2663, 2664, 2664, 2665, 2666, 2670, 2672, 2673, 2674, 2675, 2675, 2676, 2677, 2678, 2678, 2679, 2679, 2680, 2681, 2682, 2683, 2683, 2684, 2684, 2685, 2686, 2686, 2687, 2687, 2688, 2688, 2689, 2689, 2689, 2691, 2694, 2694, 2694, 2694, 2694, 2695, 2697, 2701, 2702, 2702, 2702, 2703, 2704, 2704, 2704, 2705, 2706, 2707, 2707, 2708, 2710, 2710, 2713, 2714, 2714, 2714, 2717, 2717, 2720, 2720, 2720, 2720, 2721, 2724, 2726, 2726, 2727, 2728, 2728, 2731, 2731, 2734, 2734, 2735, 2735, 2736, 2737, 2738, 2738, 2739, 2740, 2741, 2742, 2743, 2743, 2743, 2745, 2747, 2748, 2748, 2750, 2750, 2750, 2751, 2752, 2752, 2753, 2753, 2754, 2754, 2756, 2756, 2757, 2760, 2760, 2766, 2767, 2769, 2771, 2773, 2775, 2776, 2778, 2779, 2780, 2783, 2785, 2785, 2785, 2786, 2786, 2786, 2787, 2787, 2787, 2788, 2788, 2789, 2790, 2790, 2790, 2792, 2792, 2793, 2793, 2793, 2795, 2795, 2797, 2798, 2798, 2799, 2799, 2800, 2801, 2803, 2803, 2804, 2805, 2805, 2805, 2805, 2806, 2807, 2810, 2810, 2811, 2814, 2814, 2816, 2819, 2820, 2820, 2820, 2821, 2821, 2821, 2822, 2823, 2823, 2823, 2824, 2824, 2824, 2825, 2826, 2828, 2828, 2829, 2830, 2833, 2836, 2837, 2838, 2838, 2838, 2839, 2839, 2839, 2840, 2841, 2841, 2841, 2844, 2845, 2845, 2846, 2849, 2849, 2849, 2849, 2850, 2851, 2852, 2854, 2855, 2855, 2855, 2856, 2856, 2858, 2859, 2859, 2860, 2861, 2865, 2866, 2867, 2869, 2871, 2873, 2873, 2875, 2875, 2877, 2877, 2880, 2881, 2882, 2886, 2887, 2888, 2890, 2894, 2894, 2895, 2895, 2896, 2897, 2897, 2899, 2899, 2899, 2900, 2900, 2902, 2904, 2905, 2906, 2908, 2908, 2911, 2912, 2913, 2913, 2913, 2913, 2914, 2914, 2914, 2916, 2916, 2919, 2919, 2920, 2920, 2921, 2923, 2923, 2924, 2924, 2924, 2927, 2927, 2927, 2927, 2928, 2928, 2928, 2928, 2929, 2930, 2931, 2931, 2932, 2932, 2933, 2934, 2937, 2937, 2937, 2938, 2938, 2939, 2941, 2941, 2941, 2944, 2944, 2944, 2945, 2946, 2947, 2949, 2950, 2950, 2950, 2952, 2952, 2954, 2954, 2958, 2958, 2958, 2959, 2959, 2960, 2961, 2961, 2963, 2966, 2966, 2967, 2968, 2968, 2968, 2969, 2969, 2970, 2971, 2971, 2971, 2977, 2978, 2978, 2982, 2982, 2983, 2984, 2984, 2986, 2986, 2987, 2990, 2991, 2991, 2993, 2993, 2994, 2994, 2995, 2996, 2996, 2997, 3000, 3001, 3002, 3003, 3004, 3005, 3005, 3005, 3005, 3006, 3006, 3006, 3007, 3010, 3010, 3013, 3014, 3019, 3019, 3021, 3021, 3026, 3026, 3026, 3026, 3028, 3029, 3030, 3031, 3031, 3032, 3032, 3032, 3032, 3033, 3035, 3035, 3036, 3038, 3043, 3046, 3046, 3051, 3052, 3054, 3054, 3055, 3056, 3056, 3057, 3058, 3059, 3059, 3061, 3061, 3067, 3069, 3072, 3072, 3072, 3075, 3075, 3075, 3076, 3077, 3078, 3079, 3079, 3080, 3080, 3080, 3080, 3081, 3082, 3082, 3083, 3085, 3086, 3086, 3087, 3087, 3089, 3090, 3092, 3092, 3093, 3093, 3094, 3094, 3094, 3095, 3095, 3095, 3097, 3097, 3097, 3098, 3099, 3099, 3099, 3099, 3099, 3100, 3100, 3100, 3102, 3103, 3104, 3105, 3106, 3108, 3110, 3111, 3113, 3114, 3121, 3122, 3122, 3125, 3127, 3129, 3129, 3130, 3130, 3131, 3131, 3132, 3132, 3134, 3134, 3135, 3135, 3137, 3137, 3138, 3139, 3140, 3142, 3143, 3143, 3145, 3145, 3145, 3150, 3151, 3157, 3158, 3159, 3160, 3160, 3161, 3161, 3161, 3162, 3162, 3162, 3162, 3162, 3163, 3164, 3164, 3166, 3167, 3168, 3168, 3169, 3171, 3172, 3173, 3174, 3175, 3175, 3177, 3178, 3180, 3181, 3181, 3183, 3183, 3184, 3184, 3184, 3185, 3185, 3188, 3189, 3191, 3192, 3193, 3196, 3196, 3197, 3198, 3199, 3199, 3201, 3201, 3201, 3202, 3204, 3205, 3206, 3206, 3206, 3208, 3209, 3209, 3210, 3211, 3212, 3212, 3213, 3213, 3214, 3215, 3215, 3215, 3217, 3217, 3218, 3218, 3219, 3219, 3220, 3220, 3221, 3221, 3227, 3228, 3229, 3229, 3229, 3229, 3229, 3229, 3230, 3231, 3237, 3243, 3246, 3246, 3246, 3246, 3246, 3247, 3247, 3247, 3249, 3250, 3252, 3252, 3253, 3253, 3253, 3255, 3255, 3256, 3256, 3257, 3257, 3259, 3261, 3261, 3262, 3262, 3262, 3263, 3264, 3264, 3264, 3266, 3266, 3266, 3267, 3267, 3267, 3270, 3270, 3272, 3273, 3273, 3274, 3274, 3275, 3275, 3276, 3277, 3278, 3280, 3280, 3282, 3285, 3286, 3286, 3286, 3287, 3287, 3287, 3290, 3290, 3290, 3290, 3291, 3291, 3292, 3293, 3295, 3295, 3298, 3298, 3301, 3303, 3305, 3305, 3306, 3306, 3307, 3307, 3308, 3312, 3314, 3314, 3315, 3315, 3315, 3316, 3321, 3322, 3323, 3326, 3327, 3328, 3331, 3331, 3333, 3334, 3334, 3334, 3334, 3335, 3335, 3336, 3337, 3338, 3342, 3343, 3343, 3344, 3344, 3345, 3349, 3350, 3350, 3351, 3352, 3353, 3353, 3356, 3356, 3357, 3358, 3361, 3361, 3362, 3362, 3362, 3363, 3364, 3365, 3367, 3368, 3370, 3371, 3372, 3372, 3373, 3374, 3376, 3377, 3377, 3379, 3379, 3381, 3382, 3382, 3383, 3383, 3384, 3384, 3385, 3385, 3385, 3386, 3387, 3391, 3392, 3392, 3396, 3400, 3402, 3403, 3403, 3404, 3404, 3405, 3409, 3412, 3413, 3413, 3416, 3418, 3421, 3421, 3421, 3422, 3423, 3424, 3424, 3424, 3424, 3427, 3427, 3427, 3428, 3428, 3428, 3429, 3430, 3430, 3431, 3431, 3432, 3434, 3435, 3436, 3437, 3439, 3439, 3441, 3441, 3443, 3444, 3444, 3446, 3448, 3450, 3451, 3452, 3453, 3453, 3454, 3454, 3455, 3455, 3455, 3455, 3456, 3457, 3457, 3458, 3459, 3459, 3460, 3461, 3464, 3464, 3466, 3467, 3467, 3469, 3469, 3470, 3473, 3474, 3475, 3476, 3476, 3477, 3477, 3477, 3479, 3480, 3481, 3483, 3483, 3486, 3487, 3488, 3488, 3488, 3489, 3489, 3489, 3490, 3490, 3493, 3493, 3494, 3494, 3495, 3495, 3496, 3497, 3497, 3499, 3499, 3499, 3501, 3504, 3504, 3505, 3506, 3507, 3507, 3507, 3508, 3508, 3508, 3510, 3511, 3512, 3514, 3514, 3515, 3516, 3516, 3518, 3520, 3521, 3522, 3525, 3525, 3526, 3526, 3528, 3529, 3530, 3531, 3532, 3533, 3535, 3535, 3540, 3541, 3542, 3544, 3544, 3544, 3544, 3549, 3549, 3549, 3550, 3551, 3553, 3554, 3558, 3559, 3559, 3560, 3560, 3563, 3564, 3565, 3566, 3566, 3567, 3570, 3571, 3577, 3578, 3578, 3579, 3580, 3583, 3583, 3585, 3585, 3586, 3588, 3588, 3591, 3592, 3595, 3595, 3596, 3600, 3601, 3602, 3603, 3604, 3606, 3606, 3606, 3607, 3609, 3609, 3611, 3611, 3611, 3612, 3612, 3613, 3615, 3615, 3615, 3617, 3620, 3620, 3621, 3621, 3623, 3623, 3623, 3625, 3627, 3627, 3630, 3630, 3631, 3631, 3631, 3632, 3633, 3633, 3633, 3634, 3634, 3634, 3635, 3638, 3640, 3640, 3640, 3640, 3642, 3642, 3643, 3644, 3644, 3645, 3647, 3648, 3648, 3650, 3652, 3653, 3655, 3655, 3655, 3656, 3657, 3657, 3657, 3658, 3659, 3659, 3659, 3661, 3661, 3662, 3662, 3662, 3663, 3664, 3665, 3665, 3666, 3666, 3668, 3668, 3669, 3669, 3670, 3672, 3673, 3675, 3680, 3682, 3682, 3683, 3683, 3685, 3686, 3686, 3687, 3689, 3690, 3690, 3690, 3691, 3698, 3698, 3699, 3700, 3703, 3703, 3704, 3704, 3705, 3705, 3707, 3707, 3707, 3708, 3711, 3711, 3713, 3713, 3714, 3714, 3715, 3718, 3719, 3720, 3723, 3723, 3727, 3727, 3728, 3729, 3732, 3732, 3733, 3735, 3738, 3739, 3739, 3740, 3741, 3742, 3742, 3744, 3744, 3744, 3745, 3746, 3746, 3747, 3747, 3748, 3750, 3750, 3750, 3750, 3751, 3752, 3752, 3753, 3753, 3753, 3754, 3754, 3755, 3756, 3757, 3757, 3757, 3758, 3759, 3760, 3763, 3764, 3766, 3766, 3769, 3771, 3772, 3773, 3774, 3775, 3776, 3776, 3777, 3777, 3777, 3778, 3780, 3781, 3781, 3781, 3781, 3782, 3783, 3784, 3785, 3786, 3790, 3790, 3792, 3795, 3797, 3797, 3798, 3798, 3799, 3802, 3804, 3804, 3805, 3805, 3805, 3807, 3807, 3808, 3809, 3809, 3809, 3812, 3814, 3814, 3814, 3815, 3815, 3815, 3817, 3817, 3818, 3818, 3818, 3819, 3820, 3822, 3823, 3824, 3826, 3827, 3828, 3829, 3829, 3830, 3831, 3831, 3832, 3833, 3834, 3835, 3837, 3838, 3840, 3841, 3841, 3841, 3842, 3842, 3842, 3843, 3845, 3846, 3846, 3848, 3849, 3850, 3852, 3852, 3852, 3852, 3853, 3854, 3854, 3855, 3855, 3859, 3860, 3861, 3862, 3863, 3863, 3863, 3863, 3865, 3868, 3869, 3871, 3873, 3874, 3875, 3875, 3875, 3875, 3876, 3876, 3878, 3880, 3881, 3882, 3883, 3884, 3887, 3888, 3889, 3892, 3892, 3894, 3895, 3896, 3896, 3897, 3899, 3900, 3901, 3901, 3903, 3904, 3906, 3907, 3908, 3909, 3909, 3911, 3912, 3912, 3914, 3914, 3915, 3917, 3917, 3917, 3917, 3919, 3919, 3920, 3922, 3925, 3925, 3925, 3927, 3929, 3929, 3930, 3931, 3931, 3932, 3932, 3935, 3935, 3936, 3937, 3938, 3938, 3938, 3940, 3941, 3942, 3942, 3942, 3942, 3944, 3945, 3945, 3947, 3947, 3947, 3948, 3948, 3949, 3950, 3951, 3951, 3952, 3952, 3954, 3955, 3955, 3955, 3957, 3957, 3957, 3958, 3960, 3961, 3962, 3963, 3964, 3965, 3965, 3967, 3969, 3970, 3970, 3970, 3971, 3971, 3972, 3975, 3976, 3977, 3978, 3978, 3979, 3980, 3980, 3981, 3981, 3981, 3982, 3984, 3985, 3986, 3988, 3988, 3988, 3989, 3989, 3989, 3991, 3992, 3992, 3993, 3993, 3995, 3995, 3998, 3999, 4000, 4000, 4001, 4002, 4002, 4002, 4002, 4002, 4004, 4004, 4006, 4007, 4008, 4008, 4009, 4009, 4010, 4011, 4012, 4012, 4013, 4013, 4015, 4016, 4016, 4017, 4018, 4020, 4020, 4020, 4022, 4022, 4023, 4024, 4025, 4025, 4025, 4026, 4028, 4028, 4029, 4030, 4031, 4031, 4032, 4033, 4034, 4034, 4035, 4037, 4037, 4039, 4040, 4042, 4044, 4044, 4044, 4046, 4046, 4048, 4049, 4050, 4051, 4052, 4054, 4055, 4056, 4056, 4056, 4057, 4058, 4058, 4059, 4060, 4062, 4064, 4064, 4065, 4065, 4066, 4066, 4072, 4072, 4073, 4075, 4076, 4076, 4077, 4078, 4079, 4079, 4080, 4085, 4087, 4089, 4089, 4091, 4091, 4091, 4094, 4095, 4097, 4098, 4099, 4099, 4100, 4100, 4100, 4101, 4102, 4103, 4105, 4106, 4109, 4109, 4110, 4110, 4111, 4112, 4112, 4112, 4112, 4112, 4112, 4113, 4113, 4114, 4117, 4117, 4119, 4119, 4119, 4119, 4121, 4121, 4121, 4121, 4121, 4123, 4123, 4124, 4125, 4125, 4126, 4127, 4128, 4128, 4128, 4128, 4129, 4130, 4136, 4137, 4137, 4138, 4140, 4142, 4142, 4143, 4145, 4145, 4145, 4146, 4148, 4148, 4148, 4149, 4152, 4152, 4152, 4153, 4153, 4155, 4155, 4155, 4156, 4160, 4161, 4161, 4164, 4164, 4164, 4165, 4165, 4166, 4167, 4169, 4169, 4170, 4172, 4175, 4175, 4175, 4176, 4179, 4180, 4180, 4181, 4181, 4183, 4185, 4185, 4185, 4186, 4187, 4188, 4190, 4191, 4191, 4192, 4192, 4195, 4195, 4195, 4196, 4197, 4200, 4201, 4202, 4203, 4203, 4204, 4205, 4206, 4206, 4208, 4208, 4209, 4209, 4210, 4211, 4211, 4211, 4212, 4212, 4212, 4214, 4214, 4215, 4216, 4217, 4217, 4217, 4218, 4218, 4219, 4219, 4220, 4220, 4222, 4223, 4225, 4225, 4227, 4227, 4228, 4229, 4230, 4231, 4233, 4233, 4235, 4240, 4241, 4242, 4246, 4246, 4248, 4248, 4251, 4251, 4251, 4251, 4252, 4252, 4252, 4253, 4254, 4257, 4258, 4259, 4260, 4260, 4261, 4262, 4263, 4264, 4265, 4265, 4266, 4268, 4271, 4271, 4277, 4278, 4278, 4279, 4280, 4280, 4281, 4282, 4284, 4284, 4284, 4290, 4291, 4292, 4293, 4294, 4294, 4296, 4301, 4302, 4302, 4302, 4304, 4306, 4307, 4308, 4308, 4309, 4309, 4310, 4310, 4310, 4312, 4312, 4317, 4317, 4319, 4320, 4322, 4322, 4323, 4324, 4325, 4326, 4326, 4327, 4327, 4329, 4330, 4332, 4333, 4334, 4334, 4335, 4336, 4337, 4340, 4340, 4341, 4342, 4343, 4344, 4348, 4349, 4355, 4355, 4357, 4359, 4364, 4364, 4366, 4366, 4367, 4367, 4368, 4370, 4371, 4371, 4372, 4372, 4372, 4376, 4378, 4379, 4380, 4380, 4381, 4381, 4381, 4382, 4383, 4384, 4386, 4387, 4389, 4393, 4394, 4395, 4396, 4398, 4398, 4398, 4400, 4402, 4403, 4404, 4406, 4409, 4411, 4413, 4413, 4415, 4416, 4416, 4418, 4418, 4420, 4421, 4423, 4424, 4425, 4426, 4426, 4429, 4430, 4432, 4432, 4432, 4434, 4434, 4434, 4436, 4437, 4440, 4441, 4441, 4442, 4444, 4446, 4446, 4449, 4449, 4451, 4452, 4452, 4452, 4452, 4453, 4455, 4456, 4456, 4456, 4460, 4461, 4462, 4463, 4464, 4464, 4464, 4464, 4465, 4469, 4471, 4471, 4472, 4474, 4476, 4476, 4477, 4477, 4477, 4478, 4479, 4479, 4480, 4481, 4481, 4483, 4484, 4485, 4485, 4488, 4489, 4490, 4491, 4495, 4495, 4495, 4496, 4496, 4497, 4497, 4497, 4498, 4500, 4500, 4500, 4501, 4501, 4502, 4503, 4505, 4506, 4508, 4512, 4512, 4514, 4514, 4515, 4516, 4517, 4522, 4523, 4524, 4524, 4525, 4526, 4526, 4529, 4532, 4533, 4533, 4534, 4537, 4538, 4539, 4540, 4540, 4541, 4546, 4546, 4547, 4548, 4550, 4551, 4551, 4551, 4552, 4553, 4554, 4555, 4555, 4559, 4559, 4561, 4564, 4565, 4573, 4573, 4577, 4577, 4577, 4579, 4580, 4582, 4582, 4583, 4583, 4584, 4584, 4585, 4586, 4588, 4590, 4591, 4592, 4592, 4594, 4595, 4595, 4598, 4598, 4598, 4598, 4599, 4599, 4603, 4603, 4603, 4605, 4608, 4612, 4614, 4614, 4615, 4616, 4617, 4618, 4618, 4620, 4620, 4621, 4623, 4623, 4625, 4627, 4628, 4633, 4636, 4637, 4637, 4637, 4638, 4640, 4640, 4644, 4644, 4644, 4645, 4647, 4647, 4648, 4648, 4649, 4649, 4651, 4654, 4654, 4656, 4657, 4657, 4661, 4662, 4664, 4665, 4667, 4670, 4673, 4673, 4673, 4673, 4673, 4676, 4676, 4676, 4676, 4676, 4677, 4678, 4678, 4679, 4679, 4679, 4680, 4684, 4685, 4687, 4688, 4689, 4689, 4690, 4691, 4691, 4691, 4693, 4694, 4695, 4695, 4695, 4696, 4697, 4697, 4698, 4700, 4701, 4704, 4704, 4704, 4705, 4709, 4710, 4710, 4711, 4712, 4712, 4713, 4713, 4714, 4715, 4715, 4716, 4716, 4718, 4718, 4720, 4722, 4725, 4728, 4729, 4730, 4731, 4731, 4732, 4732, 4733, 4734, 4735, 4735, 4736, 4737, 4738, 4738, 4738, 4739, 4739, 4740, 4740, 4742, 4742, 4743, 4743, 4745, 4745, 4747, 4749, 4749, 4750, 4750, 4751, 4753, 4757, 4758, 4760, 4760, 4761, 4762, 4762, 4763, 4764, 4765, 4765, 4765, 4769, 4772, 4774, 4775, 4775, 4778, 4779, 4780, 4781, 4781, 4782, 4783, 4784, 4785, 4786, 4790, 4794, 4795, 4795, 4795, 4797, 4797, 4798, 4798, 4799, 4802, 4802, 4802, 4802, 4803, 4803, 4804, 4804, 4805, 4807, 4807, 4808, 4809, 4811, 4813, 4813, 4815, 4815, 4816, 4816, 4819, 4819, 4821, 4822, 4823, 4824, 4824, 4827, 4828, 4828, 4828, 4828, 4832, 4833, 4833, 4835, 4838, 4839, 4840, 4844, 4846, 4846, 4847, 4848, 4849, 4849, 4849, 4850, 4850, 4851, 4854, 4858, 4861, 4861, 4861, 4862, 4863, 4863, 4864, 4865, 4866, 4867, 4867, 4867, 4875, 4876, 4876, 4876, 4876, 4878, 4879, 4880, 4881, 4881, 4882, 4884, 4886, 4887, 4887, 4888, 4888, 4888, 4888, 4888, 4890, 4890, 4891, 4893, 4893, 4894, 4895, 4895, 4895, 4899, 4900, 4902, 4904, 4905, 4907, 4907, 4907, 4912, 4913, 4913, 4914, 4915, 4917, 4917, 4918, 4918, 4918, 4920, 4920, 4920, 4921, 4921, 4921, 4922, 4923, 4924, 4924, 4924, 4925, 4925, 4926, 4926, 4926, 4928, 4929, 4931, 4933, 4933, 4933, 4935, 4935, 4936, 4936, 4938, 4938, 4940, 4941, 4943, 4944, 4944, 4946, 4947, 4947, 4947, 4948, 4949, 4949, 4950, 4951, 4952, 4953, 4953, 4956, 4957, 4959, 4959, 4962, 4963, 4964, 4964, 4964, 4966, 4967, 4967, 4968, 4968, 4968, 4969, 4969, 4969, 4969, 4970, 4971, 4972, 4973, 4977, 4978, 4979, 4980, 4980, 4982, 4984, 4985, 4985, 4989, 4992, 4992, 4993, 4993, 4994, 4995, 4996, 4996, 4996, 4996, 4997, 4997, 4998, 4999, 4999, 4999, 5000, 5001, 5003, 5003, 5004, 5006, 5008, 5008, 5011, 5011, 5012, 5013, 5013, 5014, 5014, 5015, 5015, 5016, 5016, 5016, 5017, 5017, 5018, 5019, 5019, 5020, 5021, 5021, 5021, 5022, 5022, 5022, 5023, 5024, 5025, 5028, 5028, 5028, 5029, 5030, 5032, 5033, 5034, 5037, 5040, 5043, 5043, 5045, 5045, 5047, 5048, 5049, 5050, 5050, 5051, 5051, 5051, 5051, 5055, 5058, 5058, 5059, 5060, 5063, 5064, 5064, 5065, 5065, 5065, 5065, 5066, 5066, 5066, 5067, 5068, 5071, 5071, 5072, 5072, 5078, 5079, 5080, 5082, 5083, 5083, 5084, 5086, 5086, 5087, 5087, 5088, 5090, 5092, 5092, 5093, 5094, 5095, 5097, 5098, 5099, 5102, 5102, 5104, 5106, 5106, 5107, 5109, 5109, 5110, 5113, 5115, 5115, 5115, 5117, 5117, 5118, 5119, 5120, 5120, 5121, 5122, 5124, 5128, 5129, 5129, 5130, 5131, 5132, 5132, 5133, 5134, 5135, 5135, 5137, 5137, 5140, 5140, 5140, 5142, 5143, 5143, 5143, 5143, 5144, 5144, 5144, 5144, 5147, 5148, 5149, 5154, 5154, 5155, 5156, 5160, 5162, 5162, 5163, 5163, 5164, 5164, 5166, 5167, 5168, 5168, 5170, 5171, 5171, 5171, 5173, 5173, 5174, 5174, 5174, 5175, 5175, 5178, 5179, 5179, 5179, 5179, 5180, 5181, 5183, 5184, 5185, 5185, 5185, 5186, 5186, 5186, 5193, 5195, 5197, 5200, 5201, 5201, 5202, 5202, 5204, 5205, 5205, 5206, 5207, 5208, 5208, 5209, 5209, 5210, 5210, 5211, 5213, 5213, 5216, 5216, 5216, 5217, 5219, 5219, 5219, 5219, 5220, 5221, 5224, 5224, 5225, 5225, 5226, 5226, 5228, 5229, 5229, 5229, 5230, 5230, 5231, 5231, 5232, 5234, 5236, 5237, 5238, 5239, 5239, 5240, 5241, 5242, 5242, 5243, 5243, 5245, 5245, 5247, 5250, 5254, 5254, 5255, 5255, 5257, 5259, 5260, 5261, 5262, 5263, 5264, 5265, 5265, 5266, 5267, 5268, 5270, 5270, 5270, 5271, 5273, 5273, 5274, 5275, 5279, 5280, 5281, 5282, 5282, 5282, 5282, 5283, 5286, 5287, 5288, 5289, 5289, 5289, 5290, 5290, 5291, 5291, 5293, 5294, 5294, 5296, 5296, 5297, 5298, 5298, 5299, 5300, 5302, 5302, 5303, 5304, 5305, 5306, 5307, 5307, 5307, 5309, 5310, 5310, 5311, 5311, 5311, 5312, 5313, 5317, 5319, 5320, 5321, 5321, 5321, 5322, 5322, 5325, 5325, 5326, 5327, 5329, 5330, 5331, 5332, 5335, 5335, 5336, 5336, 5336, 5336, 5337, 5339, 5339, 5339, 5340, 5341, 5343, 5343, 5344, 5349, 5351, 5352, 5352, 5354, 5355, 5357, 5358, 5358, 5359, 5360, 5360, 5360, 5360, 5361, 5363, 5363, 5364, 5364, 5365, 5367, 5367, 5367, 5367, 5368, 5368, 5369, 5370, 5370, 5372, 5374, 5374, 5374, 5374, 5376, 5376, 5378, 5378, 5380, 5380, 5382, 5382, 5385, 5390, 5391, 5392, 5393, 5394, 5395, 5395, 5397, 5398, 5398, 5398, 5399, 5399, 5399, 5401, 5402, 5402, 5405, 5406, 5407, 5409, 5409, 5410, 5410, 5410, 5411, 5412, 5413, 5414, 5414, 5415, 5415, 5415, 5416, 5416, 5416, 5417, 5418, 5419, 5419, 5419, 5420, 5421, 5422, 5422, 5423, 5424, 5426, 5427, 5427, 5428, 5429, 5430, 5431, 5432, 5432, 5433, 5435, 5436, 5437, 5437, 5438, 5438, 5440, 5441, 5442, 5442, 5443, 5444, 5444, 5446, 5447, 5448, 5448, 5448, 5449, 5450, 5450, 5450, 5451, 5451, 5451, 5453, 5453, 5454, 5456, 5458, 5459, 5460, 5460, 5460, 5461, 5461, 5462, 5462, 5463, 5463, 5463, 5464, 5464, 5464, 5469, 5469, 5470, 5471, 5471, 5473, 5474, 5475, 5476, 5478, 5478, 5478, 5478, 5480, 5484, 5486, 5487, 5487, 5487, 5487, 5488, 5489, 5489, 5492, 5494, 5494, 5494, 5495, 5495, 5496, 5497, 5498, 5499, 5500, 5501, 5501, 5502, 5503, 5503, 5504, 5504, 5505, 5505, 5507, 5509, 5511, 5512, 5513, 5515, 5517, 5519, 5520, 5520, 5520, 5520, 5520, 5522, 5523, 5524, 5524, 5524, 5524, 5525, 5527, 5527, 5527, 5528, 5529, 5530, 5531, 5532, 5532, 5533, 5534, 5534, 5535, 5535, 5535, 5537, 5537, 5538, 5538, 5539, 5540, 5541, 5541, 5541, 5541, 5542, 5543, 5543, 5543, 5545, 5547, 5549, 5550, 5550, 5550, 5551, 5553, 5554, 5554, 5555, 5555, 5558, 5558, 5558, 5560, 5560, 5560, 5566, 5566, 5567, 5567, 5569, 5570, 5570, 5572, 5573, 5574, 5575, 5577, 5581, 5581, 5581, 5582, 5585, 5586, 5586, 5586, 5587, 5587, 5589, 5591, 5591, 5591, 5592, 5592, 5593, 5593, 5594, 5597, 5598, 5598, 5600, 5600, 5601, 5602, 5602, 5603, 5604, 5604, 5606, 5608, 5608, 5608, 5608, 5608, 5611, 5611, 5614, 5614, 5614, 5615, 5617, 5619, 5620, 5620, 5620, 5621, 5622, 5623, 5624, 5625, 5626, 5628, 5629, 5630, 5633, 5634, 5638, 5638, 5638, 5638, 5638, 5639, 5640, 5641, 5641, 5642, 5642, 5643, 5643, 5644, 5647, 5649, 5650, 5650, 5651, 5651, 5652, 5654, 5655, 5656, 5656, 5656, 5659, 5660, 5660, 5661, 5663, 5663, 5666, 5666, 5667, 5670, 5672, 5672, 5673, 5673, 5678, 5680, 5681, 5682, 5682, 5682, 5683, 5683, 5683, 5683, 5683, 5684, 5684, 5684, 5684, 5685, 5685, 5685, 5690, 5690, 5690, 5691, 5692, 5692, 5694, 5695, 5696, 5697, 5698, 5699, 5701, 5701, 5702, 5702, 5705, 5705, 5705, 5707, 5708, 5712, 5712, 5712, 5713, 5714, 5715, 5718, 5718, 5719, 5719, 5719, 5719, 5719, 5724, 5724, 5724, 5725, 5726, 5727, 5727, 5728, 5732, 5735, 5735, 5738, 5739, 5739, 5741, 5741, 5741, 5742, 5744, 5745, 5745, 5745, 5745, 5747, 5749, 5751, 5751, 5751, 5753, 5753, 5754, 5754, 5754, 5755, 5757, 5759, 5762, 5763, 5764, 5764, 5765, 5765, 5767, 5768, 5768, 5770, 5771, 5771, 5771, 5772, 5772, 5772, 5774, 5775, 5777, 5777, 5777, 5780, 5780, 5781, 5782, 5782, 5783, 5784, 5784, 5784, 5784, 5785, 5787, 5788, 5788, 5788, 5788, 5788, 5791, 5791, 5791, 5791, 5792, 5793, 5794, 5794, 5796, 5796, 5798, 5799, 5801, 5801, 5802, 5804, 5805, 5806, 5808, 5809, 5809, 5810, 5810, 5811, 5811, 5812, 5812, 5815, 5815, 5816, 5816, 5817, 5817, 5818, 5823, 5823, 5824, 5825, 5826, 5826, 5827, 5829, 5830, 5830, 5833, 5834, 5834, 5834, 5837, 5839, 5840, 5840, 5841, 5842, 5843, 5844, 5844, 5846, 5846, 5846, 5847, 5848, 5849, 5849, 5851, 5852, 5852, 5853, 5853, 5854, 5855, 5859, 5860, 5861, 5861, 5867, 5868, 5868, 5870, 5872, 5872, 5873, 5873, 5874, 5877, 5877, 5877, 5880, 5881, 5883, 5885, 5887, 5887, 5888, 5888, 5889, 5893, 5896, 5896, 5897, 5897, 5898, 5898, 5898, 5898, 5899, 5899, 5901, 5903, 5903, 5903, 5903, 5904, 5906, 5908, 5912, 5913, 5915, 5915, 5916, 5918, 5918, 5918, 5918, 5918, 5918, 5921, 5923, 5927, 5928, 5930, 5930, 5931, 5932, 5935, 5936, 5937, 5937, 5938, 5938, 5939, 5940, 5942, 5945, 5946, 5946, 5946, 5947, 5949, 5949, 5949, 5951, 5952, 5957, 5957, 5957, 5957, 5957, 5957, 5959, 5962, 5963, 5964, 5966, 5966, 5967, 5969, 5970, 5971, 5972, 5974, 5974, 5975, 5976, 5977, 5978, 5978, 5978, 5978, 5980, 5980, 5980, 5981, 5981, 5982, 5982, 5982, 5982, 5983, 5985, 5985, 5985, 5986, 5986, 5986, 5989, 5989, 5990, 5991, 5991, 5992, 5998, 6001, 6005, 6006, 6009, 6009, 6010, 6011, 6012, 6014, 6014, 6016, 6017, 6019, 6019, 6021, 6022, 6024, 6025, 6026, 6028, 6029, 6031, 6032, 6032, 6033, 6033, 6034, 6037, 6038, 6039, 6039, 6040, 6040, 6041, 6041, 6042, 6042, 6043, 6046, 6050, 6051, 6055, 6059, 6059, 6059, 6061, 6061, 6062, 6063, 6063, 6063, 6065, 6065, 6065, 6068, 6070, 6070, 6072, 6073, 6073, 6075, 6075, 6076, 6077, 6078, 6079, 6079, 6080, 6081, 6082, 6083, 6083, 6083, 6086, 6086, 6086, 6089, 6089, 6091, 6092, 6093, 6095, 6097, 6098, 6098, 6098, 6100, 6100, 6100, 6101, 6105, 6105, 6108, 6109, 6109, 6110, 6113, 6114, 6114, 6116, 6118, 6118, 6120, 6123, 6124, 6125, 6125, 6127, 6127, 6128, 6128, 6128, 6129, 6129, 6130, 6130, 6131, 6132, 6133, 6133, 6136, 6136, 6136, 6137, 6137, 6138, 6140, 6142, 6142, 6143, 6145, 6145, 6146, 6146, 6147, 6147, 6148, 6148, 6148, 6149, 6149, 6152, 6152, 6152, 6152, 6153, 6153, 6153, 6154, 6155, 6156, 6156, 6157, 6157, 6158, 6158, 6159, 6159, 6161, 6161, 6164, 6167, 6167, 6168, 6168, 6171, 6171, 6172, 6172, 6174, 6175, 6175, 6178, 6178, 6179, 6180, 6182, 6184, 6185, 6186, 6186, 6187, 6187, 6188, 6188, 6188, 6189, 6189, 6189, 6190, 6190, 6192, 6192, 6193, 6194, 6195, 6196, 6196, 6197, 6197, 6199, 6199, 6200, 6201, 6201, 6201, 6202, 6202, 6202, 6203, 6203, 6204, 6204, 6206, 6207, 6208, 6209, 6213, 6214, 6214, 6220, 6221, 6221, 6222, 6222, 6226, 6226, 6228, 6228, 6230, 6230, 6230, 6231, 6232, 6232, 6232, 6234, 6234, 6235, 6235, 6236, 6237, 6238, 6240, 6241, 6243, 6244, 6244, 6244, 6247, 6247, 6248, 6250, 6252, 6253, 6254, 6255, 6256, 6256, 6256, 6259, 6259, 6261, 6262, 6262, 6264, 6265, 6266, 6267, 6267, 6268, 6271, 6271, 6273, 6274, 6274, 6277, 6277, 6277, 6277, 6277, 6280, 6280, 6281, 6281, 6283, 6285, 6287, 6289, 6289, 6290, 6290, 6291, 6291, 6291, 6293, 6295, 6296, 6297, 6297, 6298, 6299, 6300, 6301, 6301, 6302, 6303, 6304, 6305, 6307, 6308, 6309, 6309, 6310, 6310, 6311, 6311, 6312, 6313, 6313, 6313, 6313, 6314, 6314, 6314, 6316, 6316, 6318, 6319, 6320, 6325, 6328, 6330, 6330, 6331, 6332, 6332, 6334, 6337, 6340, 6341, 6344, 6345, 6346, 6347, 6349, 6349, 6350, 6352, 6352, 6353, 6354, 6357, 6357, 6360, 6361, 6361, 6362, 6362, 6362, 6362, 6366, 6367, 6367, 6367, 6369, 6370, 6371, 6371, 6372, 6375, 6376, 6379, 6381, 6382, 6382, 6383, 6385, 6385, 6385, 6386, 6387, 6387, 6390, 6392, 6393, 6394, 6394, 6395, 6398, 6398, 6399, 6399, 6402, 6402, 6405, 6406, 6407, 6409, 6410, 6411, 6411, 6411, 6412, 6413, 6414, 6414, 6419, 6419, 6420, 6420, 6420, 6421, 6422, 6422, 6424, 6424, 6424, 6425, 6426, 6426, 6427, 6428, 6428, 6431, 6432, 6432, 6435, 6436, 6436, 6437, 6438, 6439, 6439, 6439, 6439, 6439, 6440, 6441, 6441, 6441, 6442, 6443, 6443, 6444, 6445, 6445, 6448, 6449, 6449, 6450, 6454, 6454, 6456, 6457, 6457, 6458, 6461, 6461, 6462, 6462, 6462, 6463, 6467, 6467, 6467, 6470, 6471, 6474, 6474, 6476, 6476, 6476, 6476, 6478, 6479, 6479, 6480, 6480, 6480, 6481, 6482, 6482, 6482, 6486, 6486, 6488, 6488, 6488, 6489, 6489, 6490, 6490, 6490, 6492, 6495, 6495, 6496, 6499, 6499, 6500, 6502, 6504, 6504, 6504, 6506, 6507, 6507, 6508, 6508, 6508, 6509, 6510, 6510, 6510, 6512, 6512, 6512, 6513, 6514, 6514, 6514, 6515, 6516, 6517, 6519, 6520, 6520, 6521, 6525, 6525, 6526, 6526, 6526, 6528, 6528, 6529, 6529, 6530, 6530, 6530, 6533, 6533, 6533, 6535, 6537, 6538, 6538, 6539, 6539, 6540, 6540, 6540, 6541, 6541, 6541, 6543, 6545, 6545, 6546, 6547, 6547, 6547, 6547, 6548, 6549, 6549, 6550, 6550, 6551, 6551, 6553, 6553, 6556, 6557, 6557, 6557, 6560, 6563, 6563, 6564, 6565, 6565, 6566, 6572, 6572, 6572, 6572, 6572, 6573, 6580, 6580, 6583, 6585, 6589, 6589, 6589, 6590, 6593, 6593, 6593, 6595, 6596, 6597, 6597, 6598, 6598, 6599, 6601, 6601, 6602, 6603, 6603, 6604, 6605, 6607, 6608, 6609, 6609, 6609, 6610, 6613, 6616, 6617, 6621, 6621, 6622, 6623, 6624, 6626, 6628, 6628, 6630, 6631, 6631, 6633, 6633, 6633, 6634, 6636, 6636, 6637, 6638, 6639, 6639, 6640, 6642, 6644, 6646, 6646, 6648, 6648, 6652, 6653, 6653, 6654, 6658, 6659, 6660, 6660, 6662, 6664, 6666, 6666, 6667, 6670, 6670, 6671, 6672, 6677, 6678, 6679, 6679, 6680, 6681, 6681, 6683, 6683, 6684, 6684, 6685, 6685, 6686, 6686, 6686, 6688, 6688, 6690, 6690, 6691, 6692, 6692, 6694, 6694, 6694, 6698, 6698, 6699, 6701, 6702, 6703, 6704, 6705, 6706, 6706, 6707, 6707, 6708, 6708, 6708, 6709, 6709, 6709, 6710, 6710, 6713, 6713, 6714, 6715, 6715, 6715, 6717, 6718, 6719, 6720, 6722, 6722, 6724, 6725, 6725, 6728, 6729, 6729, 6730, 6732, 6733, 6734, 6736, 6737, 6738, 6738, 6738, 6741, 6742, 6742, 6743, 6743, 6743, 6746, 6747, 6750, 6751, 6751, 6753, 6753, 6753, 6754, 6755, 6756, 6757, 6758, 6759, 6759, 6759, 6759, 6760, 6763, 6765, 6769, 6772, 6772, 6774, 6774, 6775, 6776, 6781, 6783, 6784, 6784, 6785, 6786, 6786, 6787, 6787, 6789, 6789, 6790, 6790, 6791, 6792, 6792, 6793, 6795, 6795, 6797, 6797, 6797, 6798, 6798, 6799, 6799, 6799, 6800, 6800, 6800, 6801, 6801, 6804, 6806, 6806, 6807, 6807, 6808, 6808, 6808, 6810, 6810, 6811, 6811, 6811, 6811, 6811, 6813, 6814, 6814, 6815, 6816, 6817, 6817, 6817, 6818, 6819, 6819, 6821, 6822, 6823, 6824, 6824, 6824, 6825, 6826, 6826, 6828, 6828, 6829, 6830, 6830, 6832, 6832, 6833, 6833, 6833, 6834, 6834, 6835, 6838, 6838, 6838, 6839, 6840, 6842, 6843, 6844, 6845, 6845, 6847, 6848, 6849, 6850, 6851, 6851, 6851, 6851, 6852, 6853, 6853, 6853, 6854, 6856, 6856, 6857, 6861, 6861, 6861, 6862, 6862, 6862, 6863, 6864, 6864, 6865, 6866, 6867, 6867, 6870, 6871, 6873, 6874, 6875, 6875, 6875, 6878, 6879, 6879, 6880, 6880, 6882, 6883, 6884, 6884, 6884, 6885, 6886, 6887, 6887, 6888, 6889, 6889, 6890, 6890, 6890, 6891, 6894, 6897, 6899, 6900, 6901, 6902, 6902, 6903, 6903, 6903, 6904, 6904, 6906, 6907, 6908, 6908, 6908, 6908, 6909, 6909, 6909, 6910, 6913, 6914, 6915, 6917, 6917, 6919, 6921, 6921, 6921, 6922, 6922, 6924, 6924, 6925, 6926, 6926, 6927, 6931, 6931, 6932, 6932, 6932, 6932, 6934, 6935, 6935, 6937, 6937, 6939, 6939, 6940, 6941, 6941, 6942, 6942, 6942, 6945, 6946, 6946, 6948, 6949, 6949, 6949, 6949, 6951, 6951, 6951, 6953, 6954, 6956, 6956, 6959, 6959, 6959, 6960, 6961, 6961, 6961, 6962, 6965, 6965, 6966, 6968, 6969, 6969, 6970, 6971, 6971, 6971, 6972, 6973, 6974, 6974, 6975, 6977, 6977, 6978, 6981, 6981, 6981, 6981, 6985, 6987, 6990, 6990, 6992, 6993, 6994, 6997, 6999, 7000, 7001, 7002, 7002, 7002, 7003, 7004, 7004, 7004, 7004, 7005, 7005, 7006, 7006, 7007, 7008, 7009, 7009, 7010, 7011, 7012, 7013, 7014, 7017, 7020, 7020, 7021, 7021, 7023, 7025, 7026, 7027, 7027, 7028, 7028, 7028, 7029, 7031, 7031, 7032, 7032, 7034, 7035, 7035, 7035, 7036, 7036, 7038, 7038, 7038, 7039, 7040, 7044, 7045, 7045, 7046, 7046, 7047, 7048, 7051, 7051, 7052, 7052, 7054, 7057, 7058, 7059, 7061, 7064, 7066, 7067, 7067, 7068, 7068, 7068, 7068, 7069, 7070, 7072, 7072, 7072, 7073, 7074, 7075, 7075, 7076, 7079, 7079, 7082, 7083, 7084, 7084, 7084, 7086, 7089, 7091, 7093, 7094, 7094, 7094, 7096, 7097, 7097, 7097, 7097, 7109, 7109, 7110, 7110, 7111, 7112, 7112, 7113, 7113, 7114, 7114, 7115, 7115, 7115, 7116, 7118, 7119, 7119, 7122, 7122, 7125, 7126, 7127, 7127, 7129, 7133, 7134, 7135, 7136, 7136, 7139, 7139, 7141, 7142, 7142, 7143, 7143, 7143, 7146, 7148, 7149, 7150, 7150, 7150, 7152, 7152, 7154, 7155, 7156, 7156, 7157, 7161, 7163, 7163, 7164, 7164, 7167, 7167, 7168, 7171, 7172, 7175, 7177, 7177, 7178, 7178, 7179, 7179, 7181, 7182, 7184, 7184, 7187, 7189, 7189, 7189, 7189, 7191, 7192, 7195, 7197, 7199, 7199, 7199, 7200, 7202, 7203, 7203, 7205, 7206, 7206, 7207, 7208, 7211, 7211, 7212, 7214, 7216, 7216, 7219, 7219, 7220, 7221, 7222, 7223, 7223, 7223, 7225, 7225, 7226, 7228, 7230, 7231, 7232, 7232, 7233, 7236, 7237, 7237, 7238, 7239, 7239, 7241, 7242, 7244, 7244, 7245, 7245, 7247, 7248, 7249, 7251, 7251, 7252, 7252, 7253, 7253, 7254, 7254, 7256, 7257, 7259, 7259, 7261, 7263, 7266, 7267, 7268, 7268, 7271, 7272, 7272, 7273, 7274, 7275, 7275, 7276, 7277, 7279, 7279, 7280, 7280, 7281, 7282, 7283, 7283, 7283, 7284, 7284, 7285, 7285, 7285, 7286, 7286, 7286, 7289, 7290, 7290, 7293, 7294, 7295, 7296, 7299, 7299, 7299, 7300, 7300, 7300, 7300, 7301, 7302, 7302, 7303, 7303, 7304, 7304, 7305, 7305, 7306, 7306, 7307, 7307, 7310, 7311, 7313, 7313, 7313, 7314, 7317, 7318, 7324, 7324, 7326, 7326, 7327, 7328, 7330, 7330, 7331, 7331, 7333, 7334, 7335, 7339, 7339, 7339, 7342, 7342, 7343, 7343, 7343, 7343, 7344, 7344, 7344, 7345, 7345, 7346, 7346, 7348, 7349, 7349, 7351, 7352, 7355, 7355, 7357, 7357, 7357, 7357, 7361, 7363, 7363, 7365, 7366, 7368, 7369, 7369, 7370, 7371, 7371, 7373, 7373, 7378, 7380, 7383, 7384, 7384, 7385, 7385, 7387, 7389, 7389, 7391, 7391, 7392, 7393, 7395, 7396, 7396, 7397, 7398, 7398, 7398, 7399, 7399, 7400, 7402, 7402, 7404, 7405, 7405, 7406, 7406, 7406, 7409, 7410, 7412, 7414, 7419, 7420, 7420, 7420, 7421, 7421, 7421, 7421, 7422, 7423, 7424, 7425, 7425, 7427, 7428, 7428, 7429, 7429, 7432, 7432, 7432, 7433, 7437, 7438, 7439, 7442, 7443, 7443, 7445, 7445, 7445, 7446, 7447, 7448, 7451, 7451, 7452, 7452, 7453, 7454, 7455, 7456, 7457, 7457, 7457, 7459, 7459, 7459, 7464, 7466, 7466, 7471, 7471, 7471, 7476, 7476, 7477, 7477, 7478, 7478, 7478, 7480, 7481, 7482, 7482, 7483, 7483, 7483, 7483, 7483, 7483, 7484, 7484, 7487, 7488, 7489, 7489, 7490, 7491, 7491, 7491, 7492, 7492, 7493, 7494, 7495, 7495, 7496, 7497, 7497, 7499, 7503, 7504, 7504, 7506, 7507, 7508, 7508, 7508, 7510, 7510, 7512, 7512, 7513, 7514, 7515, 7516, 7517, 7517, 7518, 7519, 7520, 7520, 7521, 7521, 7523, 7524, 7527, 7528, 7529, 7529, 7530, 7531, 7531, 7534, 7534, 7534, 7536, 7536, 7537, 7538, 7539, 7539, 7540, 7541, 7541, 7542, 7542, 7542, 7543, 7544, 7544, 7544, 7544, 7544, 7545, 7546, 7549, 7549, 7551, 7555, 7555, 7555, 7557, 7557, 7557, 7559, 7562, 7563, 7563, 7565, 7565, 7566, 7567, 7570, 7570, 7571, 7572, 7572, 7573, 7573, 7573, 7574, 7574, 7578, 7579, 7580, 7582, 7584, 7586, 7586, 7587, 7587, 7587, 7587, 7588, 7588, 7589, 7591, 7592, 7593, 7594, 7595, 7597, 7597, 7597, 7598, 7599, 7602, 7603, 7603, 7605, 7606, 7608, 7609, 7610, 7610, 7611, 7611, 7613, 7615, 7619, 7622, 7623, 7624, 7627, 7627, 7627, 7627, 7628, 7629, 7629, 7629, 7630, 7632, 7632, 7632, 7632, 7633, 7635, 7636, 7637, 7638, 7638, 7639, 7641, 7642, 7643, 7643, 7644, 7645, 7645, 7647, 7648, 7648, 7649, 7649, 7651, 7652, 7653, 7654, 7655, 7655, 7657, 7660, 7661, 7662, 7662, 7663, 7664, 7665, 7666, 7667, 7670, 7671, 7672, 7673, 7673, 7674, 7674, 7675, 7675, 7676, 7677, 7678, 7679, 7679, 7685, 7685, 7689, 7689, 7691, 7692, 7693, 7693, 7696, 7703, 7704, 7704, 7705, 7705, 7707, 7708, 7708, 7710, 7710, 7711, 7711, 7711, 7712, 7714, 7715, 7715, 7716, 7716, 7717, 7717, 7719, 7720, 7721, 7722, 7722, 7722, 7723, 7723, 7723, 7726, 7727, 7729, 7729, 7730, 7730, 7731, 7732, 7733, 7734, 7735, 7735, 7736, 7740, 7740, 7740, 7740, 7744, 7744, 7748, 7748, 7749, 7749, 7750, 7750, 7751, 7751, 7752, 7754, 7755, 7757, 7757, 7758, 7759, 7759, 7760, 7762, 7763, 7763, 7764, 7767, 7767, 7767, 7768, 7770, 7771, 7773, 7773, 7774, 7774, 7774, 7774, 7774, 7777, 7777, 7777, 7779, 7779, 7781, 7782, 7784, 7784, 7787, 7788, 7788, 7789, 7790, 7790, 7792, 7793, 7793, 7795, 7795, 7796, 7796, 7798, 7799, 7799, 7800, 7800, 7801, 7803, 7805, 7806, 7806, 7807, 7807, 7809, 7813, 7813, 7813, 7817, 7818, 7818, 7819, 7820, 7820, 7821, 7821, 7822, 7822, 7824, 7824, 7824, 7827, 7827, 7830, 7831, 7832, 7833, 7835, 7835, 7837, 7838, 7840, 7841, 7843, 7844, 7845, 7845, 7845, 7846, 7846, 7847, 7849, 7849, 7851, 7855, 7856, 7857, 7858, 7858, 7859, 7859, 7860, 7860, 7861, 7863, 7864, 7865, 7865, 7867, 7868, 7870, 7871, 7872, 7874, 7874, 7874, 7875, 7875, 7876, 7876, 7876, 7876, 7877, 7878, 7878, 7880, 7880, 7883, 7884, 7884, 7885, 7885, 7885, 7886, 7887, 7890, 7891, 7891, 7891, 7891, 7892, 7892, 7892, 7892, 7893, 7895, 7896, 7896, 7898, 7899, 7901, 7901, 7903, 7903, 7904, 7904, 7904, 7907, 7907, 7907, 7907, 7909, 7909, 7911, 7913, 7914, 7915, 7916, 7917, 7917, 7918, 7919, 7919, 7921, 7921, 7922, 7923, 7925, 7925, 7928, 7929, 7929, 7929, 7930, 7931, 7932, 7932, 7934, 7936, 7936, 7937, 7938, 7939, 7940, 7943, 7944, 7945, 7946, 7948, 7950, 7950, 7950, 7952, 7952, 7952, 7953, 7955, 7957, 7961, 7961, 7962, 7964, 7964, 7966, 7967, 7967, 7968, 7968, 7970, 7970, 7971, 7972, 7972, 7974, 7977, 7979, 7980, 7981, 7982, 7982, 7983, 7986, 7987, 7987, 7989, 7989, 7990, 7991, 7992, 7993, 7994, 7995, 7996, 7998, 8002, 8003, 8003, 8004, 8004, 8005, 8005, 8006, 8007, 8008, 8012, 8013, 8015, 8017, 8019, 8019, 8020, 8020, 8021, 8023, 8025, 8026, 8027, 8028, 8028, 8029, 8029, 8030, 8031, 8033, 8034, 8035, 8035, 8036, 8037, 8038, 8039, 8039, 8040, 8040, 8040, 8042, 8044, 8045, 8047, 8052, 8053, 8054, 8054, 8056, 8057, 8058, 8063, 8063, 8064, 8065, 8066, 8066, 8068, 8069, 8070, 8071, 8071, 8074, 8075, 8076, 8077, 8077, 8078, 8078, 8079, 8080, 8081, 8083, 8086, 8086, 8087, 8088, 8088, 8088, 8089, 8090, 8091, 8091, 8092, 8092, 8094, 8095, 8096, 8096, 8097, 8098, 8098, 8098, 8100, 8103, 8104, 8106, 8107, 8107, 8108, 8109, 8109, 8111, 8112, 8112, 8113, 8114, 8117, 8117, 8117, 8117, 8118, 8120, 8120, 8121, 8122, 8126, 8126, 8128, 8128, 8129, 8129, 8130, 8132, 8132, 8132, 8132, 8133, 8135, 8135, 8136, 8136, 8137, 8138, 8139, 8139, 8141, 8142, 8143, 8144, 8144, 8144, 8147, 8148, 8152, 8153, 8153, 8154, 8154, 8158, 8158, 8162, 8163, 8163, 8164, 8166, 8166, 8174, 8174, 8174, 8176, 8176, 8177, 8178, 8179, 8179, 8181, 8181, 8181, 8184, 8184, 8186, 8186, 8188, 8188, 8189, 8189, 8190, 8194, 8194, 8194, 8195, 8196, 8198, 8198, 8199, 8201, 8203, 8204, 8204, 8204, 8205, 8206, 8207, 8207, 8208, 8209, 8210, 8210, 8211, 8213, 8215, 8216, 8218, 8218, 8220, 8221, 8222, 8223, 8223, 8224, 8224, 8226, 8227, 8228, 8228, 8229, 8229, 8229, 8230, 8231, 8232, 8232, 8233, 8234, 8235, 8235, 8235, 8236, 8237, 8237, 8241, 8241, 8242, 8243, 8244, 8244, 8244, 8246, 8246, 8248, 8249, 8250, 8251, 8251, 8252, 8255, 8256, 8259, 8260, 8262, 8262, 8265, 8265, 8266, 8266, 8269, 8273, 8273, 8274, 8275, 8276, 8276, 8277, 8278, 8278, 8280, 8282, 8282, 8282, 8282, 8282, 8284, 8288, 8288, 8290, 8292, 8294, 8294, 8296, 8296, 8296, 8297, 8298, 8300, 8303, 8304, 8306, 8306, 8307, 8308, 8309, 8309, 8313, 8313, 8314, 8316, 8316, 8317, 8322, 8322, 8322, 8322, 8323, 8324, 8325, 8326, 8327, 8328, 8329, 8330, 8330, 8330, 8330, 8332, 8338, 8338, 8340, 8341, 8341, 8343, 8344, 8344, 8344, 8344, 8345, 8345, 8346, 8347, 8347, 8348, 8349, 8349, 8349, 8350, 8350, 8351, 8351, 8352, 8352, 8354, 8357, 8357, 8358, 8358, 8359, 8359, 8363, 8363, 8363, 8366, 8367, 8368, 8368, 8371, 8374, 8375, 8377, 8378, 8380, 8381, 8381, 8382, 8382, 8383, 8383, 8383, 8387, 8387, 8387, 8388, 8388, 8390, 8390, 8392, 8392, 8394, 8394, 8395, 8395, 8396, 8397, 8402, 8403, 8403, 8404, 8405, 8406, 8412, 8412, 8412, 8415, 8420, 8422, 8422, 8426, 8429, 8431, 8432, 8432, 8433, 8434, 8434, 8434, 8435, 8436, 8437, 8439, 8439, 8442, 8442, 8443, 8445, 8445, 8446, 8446, 8447, 8448, 8449, 8451, 8451, 8453, 8455, 8455, 8455, 8456, 8456, 8457, 8458, 8458, 8459, 8459, 8461, 8461, 8463, 8465, 8466, 8467, 8468, 8469, 8469, 8470, 8473, 8473, 8474, 8474, 8474, 8474, 8477, 8477, 8477, 8478, 8480, 8480, 8481, 8481, 8482, 8482, 8482, 8485, 8486, 8486, 8486, 8487, 8488, 8488, 8489, 8491, 8494, 8496, 8498, 8498, 8499, 8501, 8503, 8504, 8504, 8504, 8505, 8506, 8506, 8508, 8509, 8510, 8510, 8512, 8513, 8513, 8513, 8514, 8514, 8515, 8515, 8523, 8524, 8525, 8526, 8527, 8527, 8527, 8527, 8527, 8529, 8529, 8531, 8531, 8532, 8533, 8533, 8535, 8535, 8537, 8538, 8538, 8539, 8539, 8539, 8539, 8540, 8541, 8541, 8542, 8543, 8544, 8544, 8544, 8545, 8546, 8546, 8548, 8549, 8550, 8550, 8551, 8551, 8551, 8554, 8556, 8556, 8558, 8559, 8561, 8561, 8562, 8562, 8562, 8563, 8563, 8564, 8565, 8566, 8568, 8568, 8569, 8572, 8573, 8576, 8577, 8577, 8578, 8581, 8582, 8582, 8583, 8584, 8584, 8584, 8585, 8586, 8586, 8588, 8588, 8589, 8590, 8590, 8591, 8594, 8598, 8599, 8600, 8600, 8602, 8604, 8605, 8606, 8606, 8606, 8607, 8609, 8612, 8613, 8613, 8615, 8615, 8615, 8616, 8617, 8617, 8619, 8620, 8622, 8622, 8623, 8626, 8626, 8628, 8628, 8628, 8628, 8628, 8628, 8629, 8631, 8631, 8632, 8635, 8639, 8639, 8640, 8643, 8646, 8646, 8646, 8647, 8648, 8648, 8649, 8649, 8650, 8651, 8651, 8652, 8653, 8654, 8654, 8656, 8656, 8659, 8660, 8660, 8660, 8661, 8662, 8663, 8663, 8664, 8664, 8667, 8667, 8668, 8668, 8674, 8677, 8678, 8678, 8678, 8679, 8682, 8683, 8683, 8685, 8685, 8686, 8688, 8688, 8688, 8689, 8692, 8694, 8694, 8694, 8695, 8695, 8698, 8699, 8700, 8700, 8701, 8701, 8701, 8703, 8703, 8703, 8706, 8706, 8706, 8707, 8708, 8708, 8709, 8710, 8711, 8712, 8713, 8713, 8714, 8715, 8715, 8715, 8715, 8716, 8716, 8717, 8717, 8719, 8720, 8720, 8722, 8723, 8723, 8724, 8726, 8727, 8728, 8728, 8728, 8728, 8729, 8729, 8729, 8729, 8729, 8730, 8731, 8733, 8734, 8735, 8735, 8736, 8737, 8737, 8737, 8738, 8739, 8740, 8741, 8743, 8744, 8744, 8745, 8745, 8745, 8745, 8746, 8747, 8747, 8748, 8748, 8749, 8750, 8752, 8753, 8754, 8756, 8757, 8758, 8761, 8763, 8766, 8767, 8767, 8767, 8767, 8769, 8770, 8771, 8771, 8772, 8773, 8775, 8775, 8778, 8778, 8779, 8781, 8783, 8784, 8785, 8786, 8786, 8788, 8788, 8789, 8789, 8790, 8791, 8791, 8792, 8796, 8798, 8800, 8800, 8802, 8804, 8805, 8805, 8806, 8806, 8807, 8809, 8811, 8812, 8813, 8813, 8814, 8818, 8820, 8822, 8822, 8823, 8824, 8831, 8834, 8834, 8835, 8836, 8836, 8837, 8837, 8837, 8840, 8841, 8841, 8843, 8847, 8850, 8850, 8852, 8852, 8855, 8855, 8858, 8858, 8860, 8864, 8864, 8864, 8865, 8866, 8866, 8869, 8871, 8871, 8874, 8878, 8878, 8879, 8879, 8881, 8882, 8884, 8884, 8885, 8886, 8887, 8890, 8891, 8891, 8892, 8892, 8893, 8893, 8894, 8895, 8895, 8896, 8896, 8897, 8899, 8901, 8901, 8902, 8903, 8903, 8903, 8906, 8907, 8907, 8908, 8908, 8908, 8909, 8910, 8911, 8911, 8913, 8913, 8913, 8914, 8917, 8918, 8918, 8919, 8919, 8920, 8920, 8926, 8926, 8928, 8930, 8930, 8930, 8933, 8934, 8936, 8938, 8939, 8939, 8939, 8942, 8944, 8945, 8946, 8948, 8951, 8951, 8951, 8952, 8954, 8955, 8956, 8956, 8957, 8957, 8958, 8958, 8958, 8959, 8960, 8961, 8963, 8966, 8968, 8968, 8969, 8969, 8970, 8971, 8971, 8972, 8976, 8977, 8977, 8979, 8980, 8981, 8982, 8982, 8982, 8985, 8985, 8986, 8988, 8989, 8990, 8992, 8993, 8993, 8995, 8995, 8997, 8998, 8998, 8998, 8999, 9000, 9000, 9000, 9000, 9001, 9002, 9006, 9006, 9008, 9008, 9009, 9011, 9011, 9016, 9017, 9017, 9018, 9018, 9019, 9019, 9019, 9020, 9021, 9021, 9022, 9022, 9023, 9024, 9024, 9024, 9024, 9025, 9025, 9025, 9026, 9028, 9029, 9029, 9030, 9030, 9031, 9031, 9033, 9034, 9035, 9035, 9036, 9037, 9037, 9038, 9040, 9040, 9040, 9041, 9042, 9042, 9043, 9043, 9044, 9044, 9045, 9046, 9046, 9046, 9048, 9048, 9050, 9051, 9052, 9052, 9052, 9052, 9056, 9058, 9058, 9059, 9059, 9061, 9061, 9063, 9063, 9064, 9066, 9066, 9066, 9066, 9066, 9067, 9069, 9069, 9069, 9070, 9070, 9070, 9072, 9073, 9074, 9075, 9075, 9075, 9077, 9077, 9080, 9080, 9082, 9083, 9084, 9087, 9087, 9087, 9088, 9089, 9090, 9090, 9091, 9091, 9092, 9096, 9096, 9096, 9097, 9097, 9097, 9098, 9098, 9099, 9105, 9105, 9106, 9106, 9107, 9108, 9109, 9109, 9110, 9111, 9111, 9112, 9112, 9112, 9113, 9116, 9117, 9117, 9120, 9121, 9121, 9122, 9122, 9123, 9126, 9127, 9129, 9132, 9133, 9133, 9136, 9137, 9141, 9141, 9141, 9142, 9143, 9144, 9145, 9146, 9147, 9148, 9148, 9148, 9149, 9155, 9156, 9158, 9158, 9158, 9160, 9160, 9161, 9162, 9162, 9163, 9165, 9165, 9166, 9166, 9167, 9167, 9168, 9168, 9168, 9169, 9170, 9170, 9170, 9170, 9170, 9170, 9171, 9171, 9172, 9172, 9174, 9174, 9175, 9176, 9180, 9181, 9181, 9181, 9182, 9183, 9183, 9185, 9186, 9188, 9188, 9188, 9188, 9189, 9189, 9189, 9193, 9193, 9193, 9194, 9195, 9196, 9196, 9197, 9197, 9197, 9199, 9200, 9201, 9201, 9201, 9204, 9204, 9204, 9206, 9208, 9210, 9213, 9213, 9214, 9214, 9214, 9216, 9216, 9216, 9218, 9218, 9220, 9223, 9223, 9224, 9225, 9225, 9225, 9226, 9230, 9231, 9231, 9232, 9232, 9235, 9238, 9240, 9240, 9241, 9241, 9245, 9245, 9245, 9245, 9246, 9247, 9249, 9253, 9254, 9255, 9255, 9257, 9257, 9257, 9259, 9259, 9260, 9261, 9262, 9263, 9264, 9265, 9266, 9266, 9266, 9267, 9269, 9270, 9270, 9270, 9270, 9271, 9272, 9273, 9273, 9274, 9275, 9275, 9277, 9279, 9280, 9280, 9281, 9281, 9282, 9284, 9285, 9287, 9290, 9290, 9293, 9294, 9295, 9297, 9298, 9300, 9300, 9302, 9303, 9304, 9305, 9306, 9308, 9308, 9308, 9311, 9313, 9314, 9314, 9315, 9315, 9317, 9317, 9321, 9321, 9324, 9324, 9325, 9326, 9328, 9328, 9328, 9330, 9331, 9331, 9332, 9333, 9333, 9334, 9334, 9334, 9336, 9337, 9338, 9343, 9344, 9345, 9347, 9348, 9349, 9350, 9353, 9353, 9353, 9355, 9356, 9358, 9358, 9358, 9359, 9359, 9360, 9361, 9362, 9362, 9362, 9363, 9365, 9366, 9366, 9367, 9368, 9369, 9371, 9371, 9371, 9371, 9372, 9372, 9373, 9373, 9374, 9374, 9375, 9375, 9376, 9377, 9379, 9379, 9380, 9381, 9381, 9381, 9383, 9385, 9385, 9385, 9386, 9388, 9390, 9390, 9392, 9393, 9393, 9394, 9396, 9398, 9399, 9400, 9401, 9402, 9402, 9403, 9406, 9410, 9411, 9412, 9413, 9413, 9413, 9414, 9417, 9418, 9418, 9418, 9420, 9420, 9421, 9423, 9425, 9425, 9426, 9426, 9426, 9427, 9427, 9429, 9430, 9431, 9435, 9435, 9435, 9436, 9438, 9438, 9438, 9439, 9440, 9441, 9441, 9442, 9443, 9445, 9447, 9447, 9448, 9448, 9448, 9448, 9449, 9450, 9450, 9450, 9450, 9450, 9451, 9452, 9454, 9454, 9455, 9455, 9456, 9456, 9457, 9457, 9457, 9458, 9460, 9461, 9463, 9465, 9465, 9465, 9466, 9468, 9469, 9470, 9470, 9470, 9470, 9472, 9472, 9473, 9474, 9475, 9479, 9479, 9482, 9484, 9485, 9486, 9486, 9486, 9491, 9491, 9492, 9493, 9493, 9494, 9495, 9495, 9496, 9496, 9498, 9499, 9501, 9501, 9507, 9508, 9512, 9516, 9516, 9516, 9516, 9518, 9518, 9520, 9521, 9521, 9521, 9522, 9523, 9524, 9526, 9526, 9527, 9528, 9529, 9529, 9530, 9531, 9532, 9532, 9535, 9536, 9540, 9540, 9543, 9545, 9548, 9550, 9554, 9555, 9556, 9556, 9559, 9559, 9560, 9560, 9561, 9566, 9566, 9566, 9568, 9568, 9571, 9571, 9572, 9572, 9573, 9573, 9574, 9574, 9576, 9577, 9578, 9578, 9579, 9580, 9581, 9584, 9586, 9589, 9590, 9592, 9592, 9594, 9594, 9594, 9595, 9595, 9596, 9596, 9596, 9596, 9597, 9598, 9598, 9599, 9601, 9602, 9602, 9603, 9603, 9603, 9606, 9610, 9611, 9611, 9612, 9612, 9612, 9612, 9614, 9614, 9615, 9615, 9615, 9616, 9616, 9619, 9620, 9620, 9621, 9623, 9624, 9624, 9625, 9628, 9631, 9632, 9633, 9633, 9638, 9638, 9639, 9640, 9640, 9643, 9645, 9646, 9646, 9647, 9648, 9653, 9653, 9655, 9658, 9658, 9659, 9660, 9663, 9664, 9664, 9665, 9665, 9666, 9667, 9669, 9669, 9669, 9670, 9670, 9670, 9671, 9671, 9671, 9671, 9671, 9672, 9672, 9673, 9674, 9675, 9677, 9677, 9678, 9680, 9683, 9686, 9686, 9690, 9690, 9690, 9691, 9696, 9697, 9698, 9698, 9701, 9703, 9704, 9706, 9707, 9707, 9708, 9709, 9709, 9709, 9711, 9712, 9712, 9715, 9717, 9721, 9722, 9722, 9723, 9724, 9725, 9726, 9726, 9727, 9729, 9729, 9732, 9737, 9737, 9738, 9739, 9741, 9741, 9742, 9743, 9743, 9743, 9743, 9745, 9746, 9746, 9747, 9750, 9752, 9753, 9753, 9753, 9755, 9756, 9759, 9759, 9759, 9760, 9761, 9761, 9762, 9767, 9767, 9769, 9769, 9770, 9773, 9774, 9775, 9776, 9776, 9778, 9779, 9781, 9781, 9782, 9783, 9783, 9787, 9787, 9788, 9789, 9790, 9793, 9796, 9797, 9798, 9798, 9799, 9801, 9802, 9803, 9805, 9805, 9806, 9807, 9812, 9812, 9814, 9815, 9817, 9820, 9820, 9821, 9821, 9821, 9822, 9822, 9823, 9823, 9826, 9826, 9826, 9827, 9828, 9828, 9828, 9829, 9829, 9831, 9832, 9833, 9833, 9833, 9834, 9838, 9838, 9840, 9840, 9841, 9841, 9842, 9842, 9842, 9843, 9843, 9843, 9844, 9847, 9848, 9849, 9851, 9853, 9857, 9858, 9858, 9858, 9858, 9859, 9859, 9861, 9863, 9864, 9864, 9866, 9868, 9871, 9871, 9872, 9872, 9873, 9876, 9876, 9878, 9879, 9880, 9880, 9883, 9883, 9886, 9887, 9887, 9887, 9889, 9889, 9889, 9890, 9891, 9893, 9894, 9896, 9897, 9898, 9899, 9899, 9899, 9899, 9899, 9900, 9900, 9903, 9904, 9905, 9905, 9906, 9906, 9907, 9908, 9909, 9909, 9909, 9910, 9916, 9917, 9917, 9918, 9919, 9920, 9920, 9922, 9922, 9923, 9924, 9925, 9926, 9927, 9928, 9928, 9931, 9932, 9935, 9938, 9938, 9938, 9939, 9940, 9940, 9942, 9942, 9944, 9946, 9947, 9947, 9947, 9948, 9953, 9953, 9953, 9954, 9957, 9958, 9958, 9958, 9959, 9959, 9959, 9960, 9961, 9961, 9962, 9962, 9964, 9964, 9966, 9966, 9967, 9967, 9967, 9968, 9968, 9969, 9969, 9970, 9971, 9973, 9973, 9973, 9976, 9976, 9977, 9979, 9979, 9980, 9980, 9980, 9984, 9985, 9988, 9989, 9990, 9990, 9990, 9991, 9992, 9992, 9992, 9997, 9997]&#xA;to be equivalent to&#xA;    &lt;[]int | len:1, cap:1&gt;: [1]&#xA;/go/src/github.com/alexunjm/golang-study-repo/intslice/intslice_test.go:89</failure>
      </testcase>
      <testcase name="intslice.MyIntSlice go intSlice sort with no elements should be an empty int slice" classname="MyIntSlice Suite" time="7.915e-06"></testcase>
      <testcase name="intslice.MyIntSlice go intSlice sort with one element should be same int value slice" classname="MyIntSlice Suite" time="2.563e-06"></testcase>
      <testcase name="intslice.MyIntSlice go intSlice sort with two desc element should be same int value slice" classname="MyIntSlice Suite" time="1.759e-06"></testcase>
      <testcase name="intslice.MyIntSlice go intSlice sort with more than two unsorted elements should be have same int values on int slice with same elements sorted" classname="MyIntSlice Suite" time="2.345e-06"></testcase>
      <testcase name="intslice.MyIntSlice go intSlice sort with many unsorted elements should be have same int values on int slice with same elements sorted" classname="MyIntSlice Suite" time="0.003060781">
          <failure type="Failure">/go/src/github.com/alexunjm/golang-study-repo/intslice/intslice_test.go:124&#xA;Expected&#xA;    &lt;intslice.MyIntSlice | len:9999, cap:9999&gt;: [0, 1, 2, 2, 3, 4, 5, 7, 7, 8, 8, 9, 12, 13, 14, 16, 17, 20, 21, 22, 23, 23, 27, 28, 29, 29, 29, 30, 30, 32, 33, 33, 33, 36, 36, 36, 36, 36, 37, 39, 40, 40, 40, 41, 43, 44, 44, 46, 49, 50, 50, 50, 50, 51, 53, 53, 53, 55, 56, 57, 58, 60, 60, 61, 61, 63, 64, 64, 67, 68, 69, 69, 72, 74, 74, 74, 74, 75, 75, 75, 76, 81, 84, 84, 84, 87, 88, 88, 90, 91, 92, 93, 93, 96, 96, 97, 98, 98, 98, 99, 99, 100, 101, 102, 103, 105, 106, 108, 111, 113, 114, 114, 116, 117, 118, 123, 127, 131, 135, 137, 140, 140, 141, 143, 144, 144, 144, 147, 150, 152, 152, 152, 153, 153, 156, 157, 157, 160, 161, 161, 161, 162, 163, 165, 166, 167, 168, 169, 169, 170, 170, 171, 171, 172, 174, 174, 174, 175, 175, 176, 179, 179, 180, 180, 182, 183, 183, 184, 185, 185, 188, 190, 190, 191, 193, 194, 194, 195, 195, 197, 197, 198, 198, 198, 200, 203, 204, 205, 209, 211, 214, 214, 215, 216, 217, 218, 218, 219, 220, 220, 221, 226, 227, 229, 230, 230, 231, 231, 232, 234, 235, 237, 237, 238, 239, 239, 243, 246, 249, 249, 250, 250, 250, 254, 254, 255, 258, 258, 259, 259, 264, 264, 264, 267, 267, 268, 270, 272, 275, 276, 276, 277, 277, 280, 280, 280, 280, 280, 280, 281, 281, 282, 282, 283, 283, 286, 287, 293, 296, 297, 300, 301, 301, 302, 302, 302, 303, 303, 304, 304, 307, 307, 312, 314, 315, 316, 316, 317, 317, 319, 323, 325, 325, 326, 327, 329, 329, 329, 330, 330, 330, 330, 332, 333, 333, 336, 337, 337, 337, 337, 338, 344, 346, 346, 348, 348, 349, 351, 356, 356, 356, 358, 359, 359, 360, 361, 361, 362, 362, 363, 363, 364, 364, 365, 369, 369, 370, 370, 371, 373, 373, 374, 374, 375, 375, 375, 376, 376, 378, 379, 380, 381, 381, 386, 388, 391, 391, 392, 392, 392, 392, 392, 396, 396, 397, 398, 398, 399, 399, 400, 401, 402, 402, 403, 403, 405, 406, 406, 407, 408, 408, 409, 409, 409, 410, 411, 412, 412, 414, 415, 417, 417, 417, 418, 418, 418, 420, 420, 423, 424, 426, 426, 426, 427, 428, 428, 430, 430, 431, 433, 433, 434, 435, 435, 435, 437, 438, 439, 439, 442, 443, 444, 444, 446, 446, 447, 447, 449, 450, 450, 450, 451, 451, 452, 452, 452, 453, 457, 458, 458, 460, 461, 461, 463, 467, 467, 468, 470, 470, 470, 470, 470, 471, 471, 472, 472, 472, 472, 472, 472, 473, 475, 475, 477, 477, 480, 480, 481, 481, 482, 484, 486, 486, 487, 488, 490, 491, 491, 492, 493, 493, 495, 496, 497, 499, 500, 500, 501, 501, 503, 503, 503, 504, 504, 505, 506, 507, 508, 509, 511, 512, 513, 514, 514, 515, 515, 515, 516, 516, 516, 518, 523, 524, 524, 524, 524, 525, 528, 529, 529, 530, 532, 533, 533, 533, 533, 536, 536, 538, 538, 542, 542, 545, 545, 545, 549, 552, 552, 552, 553, 553, 557, 557, 557, 558, 560, 561, 561, 561, 561, 561, 562, 562, 562, 564, 564, 567, 567, 567, 569, 569, 571, 572, 573, 573, 576, 581, 582, 583, 585, 587, 587, 588, 589, 589, 592, 592, 592, 592, 594, 594, 595, 596, 597, 597, 598, 598, 599, 601, 602, 602, 603, 603, 604, 604, 605, 605, 605, 605, 606, 607, 607, 608, 611, 611, 614, 615, 615, 615, 616, 619, 620, 621, 621, 622, 622, 623, 623, 623, 625, 627, 628, 628, 631, 633, 634, 635, 635, 639, 640, 640, 641, 641, 642, 643, 644, 645, 647, 648, 648, 649, 650, 653, 654, 655, 657, 657, 659, 660, 660, 661, 662, 662, 663, 663, 665, 668, 670, 670, 672, 672, 673, 673, 673, 676, 677, 678, 678, 679, 681, 681, 681, 681, 681, 682, 684, 686, 690, 690, 693, 694, 694, 694, 695, 695, 696, 696, 696, 697, 699, 699, 699, 700, 701, 701, 705, 706, 707, 707, 712, 713, 714, 715, 716, 717, 719, 720, 720, 722, 722, 723, 723, 724, 725, 725, 726, 726, 729, 729, 729, 730, 730, 731, 731, 732, 733, 733, 734, 734, 737, 739, 743, 743, 744, 744, 745, 745, 745, 745, 747, 748, 752, 752, 752, 752, 753, 753, 754, 754, 755, 755, 756, 757, 757, 757, 758, 758, 760, 760, 763, 766, 767, 768, 768, 769, 769, 771, 772, 772, 775, 776, 776, 776, 777, 778, 779, 779, 781, 782, 783, 784, 785, 785, 785, 785, 787, 787, 790, 792, 794, 794, 794, 796, 797, 798, 800, 800, 802, 803, 804, 804, 804, 807, 808, 809, 810, 811, 812, 815, 816, 817, 817, 818, 818, 819, 819, 819, 819, 819, 820, 820, 826, 828, 828, 831, 831, 832, 832, 833, 833, 834, 834, 834, 835, 835, 836, 837, 843, 844, 844, 844, 846, 849, 849, 851, 852, 852, 853, 853, 854, 860, 860, 860, 861, 861, 863, 863, 863, 863, 864, 864, 864, 866, 866, 868, 869, 869, 871, 872, 874, 874, 875, 876, 878, 879, 879, 879, 880, 883, 883, 884, 885, 886, 886, 886, 888, 889, 890, 892, 892, 892, 893, 893, 894, 896, 896, 896, 898, 899, 900, 905, 906, 909, 911, 912, 912, 912, 914, 915, 915, 917, 918, 919, 920, 920, 921, 921, 922, 922, 922, 922, 923, 923, 923, 924, 924, 924, 926, 927, 927, 928, 928, 930, 931, 932, 932, 933, 933, 934, 936, 937, 938, 938, 938, 938, 939, 939, 940, 942, 945, 948, 949, 949, 950, 955, 956, 957, 960, 960, 963, 963, 965, 967, 969, 971, 972, 973, 973, 973, 974, 979, 979, 980, 981, 981, 981, 981, 983, 983, 984, 985, 985, 985, 989, 990, 992, 992, 993, 995, 996, 999, 999, 1000, 1004, 1004, 1005, 1005, 1006, 1006, 1008, 1010, 1010, 1010, 1011, 1011, 1011, 1012, 1012, 1012, 1012, 1015, 1015, 1015, 1017, 1017, 1017, 1018, 1018, 1019, 1019, 1022, 1022, 1023, 1024, 1026, 1026, 1027, 1027, 1027, 1028, 1028, 1029, 1029, 1030, 1031, 1032, 1033, 1034, 1034, 1034, 1035, 1036, 1036, 1037, 1040, 1040, 1042, 1044, 1045, 1046, 1047, 1047, 1048, 1048, 1049, 1049, 1049, 1049, 1052, 1055, 1056, 1058, 1058, 1060, 1060, 1062, 1062, 1065, 1066, 1066, 1068, 1069, 1069, 1072, 1072, 1073, 1073, 1076, 1077, 1077, 1077, 1077, 1078, 1079, 1080, 1081, 1081, 1083, 1083, 1083, 1084, 1087, 1089, 1089, 1089, 1090, 1092, 1092, 1095, 1095, 1095, 1096, 1096, 1096, 1097, 1097, 1098, 1099, 1099, 1099, 1101, 1101, 1102, 1103, 1106, 1107, 1108, 1110, 1110, 1112, 1113, 1114, 1114, 1116, 1117, 1118, 1121, 1123, 1123, 1124, 1124, 1126, 1126, 1126, 1129, 1129, 1130, 1131, 1132, 1134, 1135, 1136, 1138, 1138, 1139, 1141, 1141, 1142, 1142, 1142, 1144, 1144, 1145, 1147, 1151, 1151, 1152, 1153, 1154, 1155, 1155, 1155, 1156, 1157, 1158, 1159, 1160, 1160, 1161, 1162, 1162, 1164, 1165, 1166, 1168, 1169, 1170, 1173, 1177, 1179, 1181, 1182, 1185, 1186, 1188, 1188, 1190, 1191, 1192, 1193, 1193, 1194, 1195, 1196, 1196, 1197, 1199, 1202, 1203, 1204, 1204, 1205, 1205, 1206, 1210, 1210, 1210, 1211, 1212, 1216, 1216, 1219, 1220, 1222, 1222, 1223, 1225, 1227, 1228, 1229, 1231, 1231, 1231, 1233, 1233, 1233, 1235, 1235, 1237, 1238, 1239, 1239, 1241, 1241, 1243, 1244, 1247, 1248, 1250, 1251, 1251, 1252, 1253, 1254, 1255, 1255, 1256, 1257, 1263, 1265, 1267, 1267, 1269, 1270, 1272, 1273, 1276, 1277, 1278, 1278, 1280, 1280, 1281, 1281, 1281, 1283, 1286, 1287, 1287, 1288, 1289, 1289, 1289, 1292, 1293, 1293, 1294, 1295, 1296, 1298, 1299, 1301, 1301, 1302, 1305, 1307, 1310, 1310, 1310, 1311, 1311, 1312, 1313, 1314, 1315, 1315, 1316, 1317, 1317, 1317, 1317, 1317, 1318, 1319, 1319, 1319, 1319, 1322, 1325, 1326, 1326, 1326, 1326, 1329, 1330, 1335, 1336, 1338, 1338, 1340, 1341, 1342, 1343, 1344, 1344, 1345, 1346, 1347, 1351, 1352, 1352, 1352, 1354, 1354, 1355, 1356, 1356, 1357, 1357, 1357, 1358, 1359, 1359, 1359, 1361, 1361, 1361, 1362, 1363, 1364, 1367, 1368, 1370, 1372, 1372, 1372, 1373, 1374, 1375, 1375, 1376, 1376, 1376, 1377, 1378, 1378, 1378, 1379, 1380, 1380, 1381, 1382, 1384, 1385, 1386, 1387, 1389, 1391, 1391, 1392, 1392, 1393, 1394, 1394, 1394, 1395, 1395, 1396, 1397, 1397, 1397, 1398, 1399, 1399, 1400, 1400, 1401, 1401, 1404, 1407, 1407, 1409, 1409, 1409, 1410, 1412, 1413, 1413, 1414, 1415, 1416, 1416, 1417, 1417, 1418, 1418, 1418, 1418, 1419, 1421, 1423, 1424, 1424, 1425, 1426, 1427, 1429, 1429, 1430, 1430, 1431, 1432, 1433, 1433, 1433, 1434, 1435, 1436, 1438, 1439, 1439, 1440, 1441, 1442, 1443, 1443, 1443, 1444, 1445, 1445, 1447, 1450, 1452, 1455, 1455, 1456, 1458, 1458, 1459, 1459, 1460, 1461, 1462, 1462, 1462, 1462, 1463, 1463, 1464, 1464, 1464, 1466, 1466, 1467, 1470, 1470, 1471, 1471, 1472, 1472, 1474, 1474, 1475, 1479, 1480, 1480, 1482, 1484, 1485, 1485, 1485, 1486, 1486, 1490, 1491, 1493, 1497, 1497, 1500, 1503, 1504, 1506, 1507, 1508, 1509, 1510, 1510, 1510, 1513, 1513, 1517, 1518, 1518, 1518, 1520, 1520, 1521, 1522, 1522, 1522, 1523, 1523, 1524, 1524, 1525, 1527, 1528, 1528, 1530, 1530, 1530, 1534, 1534, 1534, 1535, 1535, 1537, 1538, 1539, 1541, 1542, 1542, 1545, 1546, 1547, 1547, 1548, 1548, 1548, 1549, 1556, 1560, 1560, 1560, 1561, 1561, 1563, 1564, 1564, 1564, 1565, 1565, 1566, 1567, 1567, 1573, 1575, 1575, 1576, 1576, 1578, 1579, 1580, 1581, 1582, 1584, 1585, 1585, 1589, 1589, 1590, 1591, 1591, 1592, 1594, 1594, 1595, 1595, 1596, 1597, 1597, 1598, 1598, 1599, 1601, 1602, 1603, 1603, 1603, 1603, 1603, 1604, 1605, 1605, 1607, 1608, 1610, 1611, 1611, 1613, 1614, 1614, 1615, 1616, 1617, 1618, 1619, 1621, 1622, 1623, 1625, 1626, 1627, 1630, 1632, 1634, 1635, 1636, 1636, 1637, 1641, 1642, 1642, 1643, 1647, 1648, 1651, 1652, 1652, 1652, 1653, 1654, 1654, 1655, 1656, 1656, 1656, 1656, 1658, 1659, 1660, 1660, 1661, 1663, 1664, 1665, 1666, 1667, 1669, 1670, 1672, 1674, 1674, 1674, 1675, 1677, 1678, 1678, 1681, 1683, 1684, 1686, 1686, 1687, 1687, 1691, 1695, 1696, 1697, 1698, 1698, 1699, 1699, 1700, 1701, 1702, 1703, 1703, 1703, 1705, 1705, 1706, 1706, 1706, 1707, 1707, 1709, 1714, 1715, 1715, 1715, 1715, 1718, 1719, 1721, 1721, 1722, 1725, 1725, 1727, 1728, 1728, 1728, 1730, 1731, 1732, 1733, 1733, 1736, 1738, 1738, 1740, 1742, 1742, 1742, 1744, 1745, 1749, 1749, 1751, 1752, 1752, 1753, 1753, 1754, 1755, 1759, 1761, 1761, 1763, 1763, 1765, 1765, 1767, 1767, 1769, 1769, 1769, 1770, 1770, 1770, 1770, 1770, 1772, 1772, 1773, 1775, 1777, 1779, 1779, 1780, 1780, 1781, 1783, 1784, 1784, 1786, 1787, 1788, 1788, 1789, 1789, 1790, 1791, 1792, 1793, 1793, 1793, 1794, 1797, 1799, 1799, 1799, 1801, 1801, 1802, 1803, 1805, 1805, 1805, 1808, 1808, 1812, 1813, 1814, 1815, 1816, 1818, 1819, 1819, 1820, 1822, 1826, 1826, 1829, 1830, 1832, 1837, 1838, 1840, 1841, 1842, 1844, 1846, 1847, 1849, 1849, 1850, 1851, 1854, 1857, 1857, 1857, 1859, 1859, 1860, 1860, 1860, 1860, 1860, 1862, 1865, 1865, 1867, 1869, 1869, 1869, 1869, 1869, 1869, 1871, 1872, 1874, 1877, 1877, 1877, 1880, 1881, 1883, 1885, 1886, 1886, 1887, 1887, 1887, 1888, 1889, 1890, 1893, 1894, 1895, 1895, 1898, 1899, 1899, 1903, 1905, 1905, 1906, 1906, 1907, 1909, 1910, 1911, 1912, 1913, 1913, 1916, 1917, 1919, 1922, 1922, 1923, 1923, 1924, 1926, 1926, 1928, 1929, 1929, 1930, 1931, 1932, 1933, 1935, 1936, 1936, 1937, 1937, 1937, 1939, 1941, 1942, 1942, 1942, 1945, 1948, 1948, 1949, 1949, 1950, 1950, 1952, 1954, 1954, 1955, 1958, 1961, 1962, 1963, 1967, 1967, 1968, 1970, 1971, 1973, 1974, 1974, 1975, 1975, 1975, 1977, 1977, 1977, 1977, 1980, 1983, 1984, 1987, 1987, 1987, 1988, 1988, 1990, 1991, 1991, 1991, 1993, 1996, 1997, 1998, 2002, 2003, 2003, 2004, 2009, 2009, 2009, 2009, 2010, 2010, 2010, 2011, 2012, 2012, 2013, 2014, 2014, 2014, 2015, 2016, 2016, 2017, 2018, 2019, 2021, 2021, 2022, 2023, 2023, 2023, 2024, 2024, 2030, 2031, 2032, 2033, 2033, 2036, 2036, 2036, 2037, 2037, 2037, 2039, 2039, 2040, 2040, 2041, 2041, 2041, 2041, 2042, 2043, 2043, 2044, 2044, 2044, 2044, 2044, 2045, 2046, 2046, 2050, 2051, 2051, 2053, 2055, 2056, 2058, 2058, 2059, 2059, 2060, 2061, 2063, 2064, 2064, 2064, 2065, 2066, 2066, 2070, 2070, 2071, 2072, 2074, 2078, 2078, 2080, 2080, 2081, 2084, 2084, 2085, 2086, 2086, 2086, 2087, 2088, 2090, 2091, 2093, 2095, 2097, 2097, 2097, 2099, 2100, 2100, 2100, 2102, 2102, 2103, 2103, 2104, 2104, 2107, 2108, 2109, 2109, 2110, 2110, 2111, 2113, 2114, 2114, 2116, 2116, 2117, 2118, 2118, 2118, 2119, 2120, 2121, 2124, 2125, 2126, 2126, 2127, 2127, 2128, 2129, 2130, 2132, 2133, 2133, 2133, 2133, 2134, 2135, 2135, 2135, 2137, 2138, 2139, 2140, 2140, 2140, 2140, 2141, 2142, 2142, 2143, 2145, 2145, 2147, 2148, 2148, 2150, 2150, 2152, 2152, 2152, 2154, 2156, 2157, 2157, 2157, 2160, 2160, 2160, 2160, 2164, 2164, 2165, 2165, 2166, 2167, 2168, 2168, 2171, 2172, 2175, 2175, 2177, 2179, 2181, 2182, 2183, 2184, 2184, 2184, 2187, 2187, 2188, 2190, 2190, 2192, 2192, 2193, 2195, 2195, 2197, 2199, 2200, 2200, 2204, 2204, 2205, 2206, 2206, 2207, 2208, 2211, 2212, 2212, 2213, 2213, 2215, 2215, 2215, 2215, 2217, 2218, 2223, 2224, 2224, 2224, 2226, 2227, 2227, 2227, 2228, 2229, 2229, 2230, 2230, 2231, 2231, 2232, 2232, 2233, 2235, 2236, 2236, 2237, 2237, 2237, 2238, 2238, 2238, 2240, 2240, 2242, 2244, 2244, 2245, 2245, 2246, 2246, 2246, 2246, 2248, 2248, 2248, 2249, 2251, 2252, 2257, 2262, 2263, 2263, 2267, 2268, 2268, 2269, 2269, 2270, 2271, 2272, 2274, 2275, 2278, 2279, 2281, 2281, 2282, 2282, 2283, 2284, 2285, 2286, 2286, 2286, 2286, 2287, 2290, 2291, 2295, 2295, 2295, 2297, 2297, 2298, 2299, 2300, 2300, 2300, 2301, 2301, 2302, 2304, 2308, 2309, 2310, 2310, 2312, 2315, 2316, 2316, 2317, 2321, 2321, 2323, 2325, 2326, 2327, 2329, 2330, 2330, 2330, 2332, 2333, 2334, 2335, 2335, 2338, 2340, 2341, 2341, 2341, 2341, 2341, 2343, 2344, 2345, 2345, 2345, 2347, 2347, 2347, 2348, 2348, 2349, 2350, 2355, 2356, 2357, 2358, 2358, 2358, 2358, 2359, 2359, 2360, 2360, 2360, 2360, 2362, 2362, 2364, 2364, 2364, 2365, 2365, 2366, 2367, 2367, 2369, 2374, 2374, 2375, 2375, 2381, 2382, 2382, 2383, 2384, 2386, 2386, 2386, 2386, 2387, 2388, 2391, 2392, 2392, 2392, 2393, 2393, 2394, 2395, 2396, 2397, 2398, 2400, 2400, 2403, 2404, 2406, 2406, 2407, 2407, 2407, 2409, 2409, 2411, 2412, 2412, 2412, 2412, 2413, 2417, 2417, 2417, 2417, 2418, 2420, 2421, 2422, 2422, 2423, 2423, 2424, 2425, 2425, 2427, 2428, 2431, 2431, 2431, 2432, 2432, 2433, 2437, 2437, 2438, 2439, 2440, 2444, 2444, 2444, 2445, 2445, 2445, 2446, 2446, 2446, 2447, 2450, 2450, 2450, 2452, 2452, 2453, 2453, 2453, 2454, 2454, 2455, 2456, 2458, 2459, 2460, 2461, 2462, 2463, 2463, 2464, 2465, 2466, 2467, 2468, 2468, 2468, 2470, 2471, 2472, 2474, 2474, 2476, 2477, 2479, 2481, 2482, 2483, 2483, 2485, 2486, 2486, 2486, 2487, 2487, 2489, 2490, 2490, 2491, 2492, 2492, 2492, 2493, 2494, 2494, 2495, 2496, 2497, 2501, 2501, 2502, 2507, 2507, 2507, 2509, 2509, 2510, 2510, 2511, 2513, 2513, 2513, 2513, 2514, 2515, 2516, 2520, 2520, 2522, 2524, 2525, 2525, 2526, 2526, 2527, 2528, 2528, 2529, 2538, 2539, 2539, 2541, 2541, 2542, 2542, 2543, 2543, 2544, 2544, 2544, 2545, 2545, 2546, 2548, 2548, 2548, 2549, 2549, 2550, 2552, 2553, 2554, 2554, 2556, 2557, 2559, 2560, 2561, 2561, 2562, 2564, 2564, 2567, 2567, 2569, 2572, 2574, 2574, 2576, 2577, 2577, 2578, 2579, 2581, 2581, 2581, 2586, 2587, 2590, 2590, 2592, 2594, 2595, 2596, 2597, 2599, 2599, 2601, 2601, 2602, 2603, 2603, 2603, 2605, 2606, 2607, 2609, 2609, 2609, 2614, 2616, 2616, 2616, 2617, 2617, 2617, 2618, 2619, 2620, 2620, 2621, 2621, 2621, 2622, 2624, 2626, 2626, 2627, 2627, 2628, 2630, 2631, 2632, 2632, 2633, 2633, 2634, 2634, 2634, 2635, 2637, 2637, 2638, 2640, 2640, 2641, 2641, 2641, 2643, 2643, 2643, 2643, 2643, 2645, 2646, 2647, 2647, 2647, 2649, 2651, 2652, 2653, 2653, 2655, 2658, 2658, 2659, 2659, 2659, 2660, 2660, 2661, 2662, 2662, 2663, 2664, 2664, 2665, 2666, 2670, 2672, 2673, 2674, 2675, 2675, 2676, 2677, 2678, 2678, 2679, 2679, 2680, 2681, 2682, 2683, 2683, 2684, 2684, 2685, 2686, 2686, 2687, 2687, 2688, 2688, 2689, 2689, 2689, 2691, 2694, 2694, 2694, 2694, 2694, 2695, 2697, 2701, 2702, 2702, 2702, 2703, 2704, 2704, 2704, 2705, 2706, 2707, 2707, 2708, 2710, 2710, 2713, 2714, 2714, 2714, 2717, 2717, 2720, 2720, 2720, 2720, 2721, 2724, 2726, 2726, 2727, 2728, 2728, 2731, 2731, 2734, 2734, 2735, 2735, 2736, 2737, 2738, 2738, 2739, 2740, 2741, 2742, 2743, 2743, 2743, 2745, 2747, 2748, 2748, 2750, 2750, 2750, 2751, 2752, 2752, 2753, 2753, 2754, 2754, 2756, 2756, 2757, 2760, 2760, 2766, 2767, 2769, 2771, 2773, 2775, 2776, 2778, 2779, 2780, 2783, 2785, 2785, 2785, 2786, 2786, 2786, 2787, 2787, 2787, 2788, 2788, 2789, 2790, 2790, 2790, 2792, 2792, 2793, 2793, 2793, 2795, 2795, 2797, 2798, 2798, 2799, 2799, 2800, 2801, 2803, 2803, 2804, 2805, 2805, 2805, 2805, 2806, 2807, 2810, 2810, 2811, 2814, 2814, 2816, 2819, 2820, 2820, 2820, 2821, 2821, 2821, 2822, 2823, 2823, 2823, 2824, 2824, 2824, 2825, 2826, 2828, 2828, 2829, 2830, 2833, 2836, 2837, 2838, 2838, 2838, 2839, 2839, 2839, 2840, 2841, 2841, 2841, 2844, 2845, 2845, 2846, 2849, 2849, 2849, 2849, 2850, 2851, 2852, 2854, 2855, 2855, 2855, 2856, 2856, 2858, 2859, 2859, 2860, 2861, 2865, 2866, 2867, 2869, 2871, 2873, 2873, 2875, 2875, 2877, 2877, 2880, 2881, 2882, 2886, 2887, 2888, 2890, 2894, 2894, 2895, 2895, 2896, 2897, 2897, 2899, 2899, 2899, 2900, 2900, 2902, 2904, 2905, 2906, 2908, 2908, 2911, 2912, 2913, 2913, 2913, 2913, 2914, 2914, 2914, 2916, 2916, 2919, 2919, 2920, 2920, 2921, 2923, 2923, 2924, 2924, 2924, 2927, 2927, 2927, 2927, 2928, 2928, 2928, 2928, 2929, 2930, 2931, 2931, 2932, 2932, 2933, 2934, 2937, 2937, 2937, 2938, 2938, 2939, 2941, 2941, 2941, 2944, 2944, 2944, 2945, 2946, 2947, 2949, 2950, 2950, 2950, 2952, 2952, 2954, 2954, 2958, 2958, 2958, 2959, 2959, 2960, 2961, 2961, 2963, 2966, 2966, 2967, 2968, 2968, 2968, 2969, 2969, 2970, 2971, 2971, 2971, 2977, 2978, 2978, 2982, 2982, 2983, 2984, 2984, 2986, 2986, 2987, 2990, 2991, 2991, 2993, 2993, 2994, 2994, 2995, 2996, 2996, 2997, 3000, 3001, 3002, 3003, 3004, 3005, 3005, 3005, 3005, 3006, 3006, 3006, 3007, 3010, 3010, 3013, 3014, 3019, 3019, 3021, 3021, 3026, 3026, 3026, 3026, 3028, 3029, 3030, 3031, 3031, 3032, 3032, 3032, 3032, 3033, 3035, 3035, 3036, 3038, 3043, 3046, 3046, 3051, 3052, 3054, 3054, 3055, 3056, 3056, 3057, 3058, 3059, 3059, 3061, 3061, 3067, 3069, 3072, 3072, 3072, 3075, 3075, 3075, 3076, 3077, 3078, 3079, 3079, 3080, 3080, 3080, 3080, 3081, 3082, 3082, 3083, 3085, 3086, 3086, 3087, 3087, 3089, 3090, 3092, 3092, 3093, 3093, 3094, 3094, 3094, 3095, 3095, 3095, 3097, 3097, 3097, 3098, 3099, 3099, 3099, 3099, 3099, 3100, 3100, 3100, 3102, 3103, 3104, 3105, 3106, 3108, 3110, 3111, 3113, 3114, 3121, 3122, 3122, 3125, 3127, 3129, 3129, 3130, 3130, 3131, 3131, 3132, 3132, 3134, 3134, 3135, 3135, 3137, 3137, 3138, 3139, 3140, 3142, 3143, 3143, 3145, 3145, 3145, 3150, 3151, 3157, 3158, 3159, 3160, 3160, 3161, 3161, 3161, 3162, 3162, 3162, 3162, 3162, 3163, 3164, 3164, 3166, 3167, 3168, 3168, 3169, 3171, 3172, 3173, 3174, 3175, 3175, 3177, 3178, 3180, 3181, 3181, 3183, 3183, 3184, 3184, 3184, 3185, 3185, 3188, 3189, 3191, 3192, 3193, 3196, 3196, 3197, 3198, 3199, 3199, 3201, 3201, 3201, 3202, 3204, 3205, 3206, 3206, 3206, 3208, 3209, 3209, 3210, 3211, 3212, 3212, 3213, 3213, 3214, 3215, 3215, 3215, 3217, 3217, 3218, 3218, 3219, 3219, 3220, 3220, 3221, 3221, 3227, 3228, 3229, 3229, 3229, 3229, 3229, 3229, 3230, 3231, 3237, 3243, 3246, 3246, 3246, 3246, 3246, 3247, 3247, 3247, 3249, 3250, 3252, 3252, 3253, 3253, 3253, 3255, 3255, 3256, 3256, 3257, 3257, 3259, 3261, 3261, 3262, 3262, 3262, 3263, 3264, 3264, 3264, 3266, 3266, 3266, 3267, 3267, 3267, 3270, 3270, 3272, 3273, 3273, 3274, 3274, 3275, 3275, 3276, 3277, 3278, 3280, 3280, 3282, 3285, 3286, 3286, 3286, 3287, 3287, 3287, 3290, 3290, 3290, 3290, 3291, 3291, 3292, 3293, 3295, 3295, 3298, 3298, 3301, 3303, 3305, 3305, 3306, 3306, 3307, 3307, 3308, 3312, 3314, 3314, 3315, 3315, 3315, 3316, 3321, 3322, 3323, 3326, 3327, 3328, 3331, 3331, 3333, 3334, 3334, 3334, 3334, 3335, 3335, 3336, 3337, 3338, 3342, 3343, 3343, 3344, 3344, 3345, 3349, 3350, 3350, 3351, 3352, 3353, 3353, 3356, 3356, 3357, 3358, 3361, 3361, 3362, 3362, 3362, 3363, 3364, 3365, 3367, 3368, 3370, 3371, 3372, 3372, 3373, 3374, 3376, 3377, 3377, 3379, 3379, 3381, 3382, 3382, 3383, 3383, 3384, 3384, 3385, 3385, 3385, 3386, 3387, 3391, 3392, 3392, 3396, 3400, 3402, 3403, 3403, 3404, 3404, 3405, 3409, 3412, 3413, 3413, 3416, 3418, 3421, 3421, 3421, 3422, 3423, 3424, 3424, 3424, 3424, 3427, 3427, 3427, 3428, 3428, 3428, 3429, 3430, 3430, 3431, 3431, 3432, 3434, 3435, 3436, 3437, 3439, 3439, 3441, 3441, 3443, 3444, 3444, 3446, 3448, 3450, 3451, 3452, 3453, 3453, 3454, 3454, 3455, 3455, 3455, 3455, 3456, 3457, 3457, 3458, 3459, 3459, 3460, 3461, 3464, 3464, 3466, 3467, 3467, 3469, 3469, 3470, 3473, 3474, 3475, 3476, 3476, 3477, 3477, 3477, 3479, 3480, 3481, 3483, 3483, 3486, 3487, 3488, 3488, 3488, 3489, 3489, 3489, 3490, 3490, 3493, 3493, 3494, 3494, 3495, 3495, 3496, 3497, 3497, 3499, 3499, 3499, 3501, 3504, 3504, 3505, 3506, 3507, 3507, 3507, 3508, 3508, 3508, 3510, 3511, 3512, 3514, 3514, 3515, 3516, 3516, 3518, 3520, 3521, 3522, 3525, 3525, 3526, 3526, 3528, 3529, 3530, 3531, 3532, 3533, 3535, 3535, 3540, 3541, 3542, 3544, 3544, 3544, 3544, 3549, 3549, 3549, 3550, 3551, 3553, 3554, 3558, 3559, 3559, 3560, 3560, 3563, 3564, 3565, 3566, 3566, 3567, 3570, 3571, 3577, 3578, 3578, 3579, 3580, 3583, 3583, 3585, 3585, 3586, 3588, 3588, 3591, 3592, 3595, 3595, 3596, 3600, 3601, 3602, 3603, 3604, 3606, 3606, 3606, 3607, 3609, 3609, 3611, 3611, 3611, 3612, 3612, 3613, 3615, 3615, 3615, 3617, 3620, 3620, 3621, 3621, 3623, 3623, 3623, 3625, 3627, 3627, 3630, 3630, 3631, 3631, 3631, 3632, 3633, 3633, 3633, 3634, 3634, 3634, 3635, 3638, 3640, 3640, 3640, 3640, 3642, 3642, 3643, 3644, 3644, 3645, 3647, 3648, 3648, 3650, 3652, 3653, 3655, 3655, 3655, 3656, 3657, 3657, 3657, 3658, 3659, 3659, 3659, 3661, 3661, 3662, 3662, 3662, 3663, 3664, 3665, 3665, 3666, 3666, 3668, 3668, 3669, 3669, 3670, 3672, 3673, 3675, 3680, 3682, 3682, 3683, 3683, 3685, 3686, 3686, 3687, 3689, 3690, 3690, 3690, 3691, 3698, 3698, 3699, 3700, 3703, 3703, 3704, 3704, 3705, 3705, 3707, 3707, 3707, 3708, 3711, 3711, 3713, 3713, 3714, 3714, 3715, 3718, 3719, 3720, 3723, 3723, 3727, 3727, 3728, 3729, 3732, 3732, 3733, 3735, 3738, 3739, 3739, 3740, 3741, 3742, 3742, 3744, 3744, 3744, 3745, 3746, 3746, 3747, 3747, 3748, 3750, 3750, 3750, 3750, 3751, 3752, 3752, 3753, 3753, 3753, 3754, 3754, 3755, 3756, 3757, 3757, 3757, 3758, 3759, 3760, 3763, 3764, 3766, 3766, 3769, 3771, 3772, 3773, 3774, 3775, 3776, 3776, 3777, 3777, 3777, 3778, 3780, 3781, 3781, 3781, 3781, 3782, 3783, 3784, 3785, 3786, 3790, 3790, 3792, 3795, 3797, 3797, 3798, 3798, 3799, 3802, 3804, 3804, 3805, 3805, 3805, 3807, 3807, 3808, 3809, 3809, 3809, 3812, 3814, 3814, 3814, 3815, 3815, 3815, 3817, 3817, 3818, 3818, 3818, 3819, 3820, 3822, 3823, 3824, 3826, 3827, 3828, 3829, 3829, 3830, 3831, 3831, 3832, 3833, 3834, 3835, 3837, 3838, 3840, 3841, 3841, 3841, 3842, 3842, 3842, 3843, 3845, 3846, 3846, 3848, 3849, 3850, 3852, 3852, 3852, 3852, 3853, 3854, 3854, 3855, 3855, 3859, 3860, 3861, 3862, 3863, 3863, 3863, 3863, 3865, 3868, 3869, 3871, 3873, 3874, 3875, 3875, 3875, 3875, 3876, 3876, 3878, 3880, 3881, 3882, 3883, 3884, 3887, 3888, 3889, 3892, 3892, 3894, 3895, 3896, 3896, 3897, 3899, 3900, 3901, 3901, 3903, 3904, 3906, 3907, 3908, 3909, 3909, 3911, 3912, 3912, 3914, 3914, 3915, 3917, 3917, 3917, 3917, 3919, 3919, 3920, 3922, 3925, 3925, 3925, 3927, 3929, 3929, 3930, 3931, 3931, 3932, 3932, 3935, 3935, 3936, 3937, 3938, 3938, 3938, 3940, 3941, 3942, 3942, 3942, 3942, 3944, 3945, 3945, 3947, 3947, 3947, 3948, 3948, 3949, 3950, 3951, 3951, 3952, 3952, 3954, 3955, 3955, 3955, 3957, 3957, 3957, 3958, 3960, 3961, 3962, 3963, 3964, 3965, 3965, 3967, 3969, 3970, 3970, 3970, 3971, 3971, 3972, 3975, 3976, 3977, 3978, 3978, 3979, 3980, 3980, 3981, 3981, 3981, 3982, 3984, 3985, 3986, 3988, 3988, 3988, 3989, 3989, 3989, 3991, 3992, 3992, 3993, 3993, 3995, 3995, 3998, 3999, 4000, 4000, 4001, 4002, 4002, 4002, 4002, 4002, 4004, 4004, 4006, 4007, 4008, 4008, 4009, 4009, 4010, 4011, 4012, 4012, 4013, 4013, 4015, 4016, 4016, 4017, 4018, 4020, 4020, 4020, 4022, 4022, 4023, 4024, 4025, 4025, 4025, 4026, 4028, 4028, 4029, 4030, 4031, 4031, 4032, 4033, 4034, 4034, 4035, 4037, 4037, 4039, 4040, 4042, 4044, 4044, 4044, 4046, 4046, 4048, 4049, 4050, 4051, 4052, 4054, 4055, 4056, 4056, 4056, 4057, 4058, 4058, 4059, 4060, 4062, 4064, 4064, 4065, 4065, 4066, 4066, 4072, 4072, 4073, 4075, 4076, 4076, 4077, 4078, 4079, 4079, 4080, 4085, 4087, 4089, 4089, 4091, 4091, 4091, 4094, 4095, 4097, 4098, 4099, 4099, 4100, 4100, 4100, 4101, 4102, 4103, 4105, 4106, 4109, 4109, 4110, 4110, 4111, 4112, 4112, 4112, 4112, 4112, 4112, 4113, 4113, 4114, 4117, 4117, 4119, 4119, 4119, 4119, 4121, 4121, 4121, 4121, 4121, 4123, 4123, 4124, 4125, 4125, 4126, 4127, 4128, 4128, 4128, 4128, 4129, 4130, 4136, 4137, 4137, 4138, 4140, 4142, 4142, 4143, 4145, 4145, 4145, 4146, 4148, 4148, 4148, 4149, 4152, 4152, 4152, 4153, 4153, 4155, 4155, 4155, 4156, 4160, 4161, 4161, 4164, 4164, 4164, 4165, 4165, 4166, 4167, 4169, 4169, 4170, 4172, 4175, 4175, 4175, 4176, 4179, 4180, 4180, 4181, 4181, 4183, 4185, 4185, 4185, 4186, 4187, 4188, 4190, 4191, 4191, 4192, 4192, 4195, 4195, 4195, 4196, 4197, 4200, 4201, 4202, 4203, 4203, 4204, 4205, 4206, 4206, 4208, 4208, 4209, 4209, 4210, 4211, 4211, 4211, 4212, 4212, 4212, 4214, 4214, 4215, 4216, 4217, 4217, 4217, 4218, 4218, 4219, 4219, 4220, 4220, 4222, 4223, 4225, 4225, 4227, 4227, 4228, 4229, 4230, 4231, 4233, 4233, 4235, 4240, 4241, 4242, 4246, 4246, 4248, 4248, 4251, 4251, 4251, 4251, 4252, 4252, 4252, 4253, 4254, 4257, 4258, 4259, 4260, 4260, 4261, 4262, 4263, 4264, 4265, 4265, 4266, 4268, 4271, 4271, 4277, 4278, 4278, 4279, 4280, 4280, 4281, 4282, 4284, 4284, 4284, 4290, 4291, 4292, 4293, 4294, 4294, 4296, 4301, 4302, 4302, 4302, 4304, 4306, 4307, 4308, 4308, 4309, 4309, 4310, 4310, 4310, 4312, 4312, 4317, 4317, 4319, 4320, 4322, 4322, 4323, 4324, 4325, 4326, 4326, 4327, 4327, 4329, 4330, 4332, 4333, 4334, 4334, 4335, 4336, 4337, 4340, 4340, 4341, 4342, 4343, 4344, 4348, 4349, 4355, 4355, 4357, 4359, 4364, 4364, 4366, 4366, 4367, 4367, 4368, 4370, 4371, 4371, 4372, 4372, 4372, 4376, 4378, 4379, 4380, 4380, 4381, 4381, 4381, 4382, 4383, 4384, 4386, 4387, 4389, 4393, 4394, 4395, 4396, 4398, 4398, 4398, 4400, 4402, 4403, 4404, 4406, 4409, 4411, 4413, 4413, 4415, 4416, 4416, 4418, 4418, 4420, 4421, 4423, 4424, 4425, 4426, 4426, 4429, 4430, 4432, 4432, 4432, 4434, 4434, 4434, 4436, 4437, 4440, 4441, 4441, 4442, 4444, 4446, 4446, 4449, 4449, 4451, 4452, 4452, 4452, 4452, 4453, 4455, 4456, 4456, 4456, 4460, 4461, 4462, 4463, 4464, 4464, 4464, 4464, 4465, 4469, 4471, 4471, 4472, 4474, 4476, 4476, 4477, 4477, 4477, 4478, 4479, 4479, 4480, 4481, 4481, 4483, 4484, 4485, 4485, 4488, 4489, 4490, 4491, 4495, 4495, 4495, 4496, 4496, 4497, 4497, 4497, 4498, 4500, 4500, 4500, 4501, 4501, 4502, 4503, 4505, 4506, 4508, 4512, 4512, 4514, 4514, 4515, 4516, 4517, 4522, 4523, 4524, 4524, 4525, 4526, 4526, 4529, 4532, 4533, 4533, 4534, 4537, 4538, 4539, 4540, 4540, 4541, 4546, 4546, 4547, 4548, 4550, 4551, 4551, 4551, 4552, 4553, 4554, 4555, 4555, 4559, 4559, 4561, 4564, 4565, 4573, 4573, 4577, 4577, 4577, 4579, 4580, 4582, 4582, 4583, 4583, 4584, 4584, 4585, 4586, 4588, 4590, 4591, 4592, 4592, 4594, 4595, 4595, 4598, 4598, 4598, 4598, 4599, 4599, 4603, 4603, 4603, 4605, 4608, 4612, 4614, 4614, 4615, 4616, 4617, 4618, 4618, 4620, 4620, 4621, 4623, 4623, 4625, 4627, 4628, 4633, 4636, 4637, 4637, 4637, 4638, 4640, 4640, 4644, 4644, 4644, 4645, 4647, 4647, 4648, 4648, 4649, 4649, 4651, 4654, 4654, 4656, 4657, 4657, 4661, 4662, 4664, 4665, 4667, 4670, 4673, 4673, 4673, 4673, 4673, 4676, 4676, 4676, 4676, 4676, 4677, 4678, 4678, 4679, 4679, 4679, 4680, 4684, 4685, 4687, 4688, 4689, 4689, 4690, 4691, 4691, 4691, 4693, 4694, 4695, 4695, 4695, 4696, 4697, 4697, 4698, 4700, 4701, 4704, 4704, 4704, 4705, 4709, 4710, 4710, 4711, 4712, 4712, 4713, 4713, 4714, 4715, 4715, 4716, 4716, 4718, 4718, 4720, 4722, 4725, 4728, 4729, 4730, 4731, 4731, 4732, 4732, 4733, 4734, 4735, 4735, 4736, 4737, 4738, 4738, 4738, 4739, 4739, 4740, 4740, 4742, 4742, 4743, 4743, 4745, 4745, 4747, 4749, 4749, 4750, 4750, 4751, 4753, 4757, 4758, 4760, 4760, 4761, 4762, 4762, 4763, 4764, 4765, 4765, 4765, 4769, 4772, 4774, 4775, 4775, 4778, 4779, 4780, 4781, 4781, 4782, 4783, 4784, 4785, 4786, 4790, 4794, 4795, 4795, 4795, 4797, 4797, 4798, 4798, 4799, 4802, 4802, 4802, 4802, 4803, 4803, 4804, 4804, 4805, 4807, 4807, 4808, 4809, 4811, 4813, 4813, 4815, 4815, 4816, 4816, 4819, 4819, 4821, 4822, 4823, 4824, 4824, 4827, 4828, 4828, 4828, 4828, 4832, 4833, 4833, 4835, 4838, 4839, 4840, 4844, 4846, 4846, 4847, 4848, 4849, 4849, 4849, 4850, 4850, 4851, 4854, 4858, 4861, 4861, 4861, 4862, 4863, 4863, 4864, 4865, 4866, 4867, 4867, 4867, 4875, 4876, 4876, 4876, 4876, 4878, 4879, 4880, 4881, 4881, 4882, 4884, 4886, 4887, 4887, 4888, 4888, 4888, 4888, 4888, 4890, 4890, 4891, 4893, 4893, 4894, 4895, 4895, 4895, 4899, 4900, 4902, 4904, 4905, 4907, 4907, 4907, 4912, 4913, 4913, 4914, 4915, 4917, 4917, 4918, 4918, 4918, 4920, 4920, 4920, 4921, 4921, 4921, 4922, 4923, 4924, 4924, 4924, 4925, 4925, 4926, 4926, 4926, 4928, 4929, 4931, 4933, 4933, 4933, 4935, 4935, 4936, 4936, 4938, 4938, 4940, 4941, 4943, 4944, 4944, 4946, 4947, 4947, 4947, 4948, 4949, 4949, 4950, 4951, 4952, 4953, 4953, 4956, 4957, 4959, 4959, 4962, 4963, 4964, 4964, 4964, 4966, 4967, 4967, 4968, 4968, 4968, 4969, 4969, 4969, 4969, 4970, 4971, 4972, 4973, 4977, 4978, 4979, 4980, 4980, 4982, 4984, 4985, 4985, 4989, 4992, 4992, 4993, 4993, 4994, 4995, 4996, 4996, 4996, 4996, 4997, 4997, 4998, 4999, 4999, 4999, 5000, 5001, 5003, 5003, 5004, 5006, 5008, 5008, 5011, 5011, 5012, 5013, 5013, 5014, 5014, 5015, 5015, 5016, 5016, 5016, 5017, 5017, 5018, 5019, 5019, 5020, 5021, 5021, 5021, 5022, 5022, 5022, 5023, 5024, 5025, 5028, 5028, 5028, 5029, 5030, 5032, 5033, 5034, 5037, 5040, 5043, 5043, 5045, 5045, 5047, 5048, 5049, 5050, 5050, 5051, 5051, 5051, 5051, 5055, 5058, 5058, 5059, 5060, 5063, 5064, 5064, 5065, 5065, 5065, 5065, 5066, 5066, 5066, 5067, 5068, 5071, 5071, 5072, 5072, 5078, 5079, 5080, 5082, 5083, 5083, 5084, 5086, 5086, 5087, 5087, 5088, 5090, 5092, 5092, 5093, 5094, 5095, 5097, 5098, 5099, 5102, 5102, 5104, 5106, 5106, 5107, 5109, 5109, 5110, 5113, 5115, 5115, 5115, 5117, 5117, 5118, 5119, 5120, 5120, 5121, 5122, 5124, 5128, 5129, 5129, 5130, 5131, 5132, 5132, 5133, 5134, 5135, 5135, 5137, 5137, 5140, 5140, 5140, 5142, 5143, 5143, 5143, 5143, 5144, 5144, 5144, 5144, 5147, 5148, 5149, 5154, 5154, 5155, 5156, 5160, 5162, 5162, 5163, 5163, 5164, 5164, 5166, 5167, 5168, 5168, 5170, 5171, 5171, 5171, 5173, 5173, 5174, 5174, 5174, 5175, 5175, 5178, 5179, 5179, 5179, 5179, 5180, 5181, 5183, 5184, 5185, 5185, 5185, 5186, 5186, 5186, 5193, 5195, 5197, 5200, 5201, 5201, 5202, 5202, 5204, 5205, 5205, 5206, 5207, 5208, 5208, 5209, 5209, 5210, 5210, 5211, 5213, 5213, 5216, 5216, 5216, 5217, 5219, 5219, 5219, 5219, 5220, 5221, 5224, 5224, 5225, 5225, 5226, 5226, 5228, 5229, 5229, 5229, 5230, 5230, 5231, 5231, 5232, 5234, 5236, 5237, 5238, 5239, 5239, 5240, 5241, 5242, 5242, 5243, 5243, 5245, 5245, 5247, 5250, 5254, 5254, 5255, 5255, 5257, 5259, 5260, 5261, 5262, 5263, 5264, 5265, 5265, 5266, 5267, 5268, 5270, 5270, 5270, 5271, 5273, 5273, 5274, 5275, 5279, 5280, 5281, 5282, 5282, 5282, 5282, 5283, 5286, 5287, 5288, 5289, 5289, 5289, 5290, 5290, 5291, 5291, 5293, 5294, 5294, 5296, 5296, 5297, 5298, 5298, 5299, 5300, 5302, 5302, 5303, 5304, 5305, 5306, 5307, 5307, 5307, 5309, 5310, 5310, 5311, 5311, 5311, 5312, 5313, 5317, 5319, 5320, 5321, 5321, 5321, 5322, 5322, 5325, 5325, 5326, 5327, 5329, 5330, 5331, 5332, 5335, 5335, 5336, 5336, 5336, 5336, 5337, 5339, 5339, 5339, 5340, 5341, 5343, 5343, 5344, 5349, 5351, 5352, 5352, 5354, 5355, 5357, 5358, 5358, 5359, 5360, 5360, 5360, 5360, 5361, 5363, 5363, 5364, 5364, 5365, 5367, 5367, 5367, 5367, 5368, 5368, 5369, 5370, 5370, 5372, 5374, 5374, 5374, 5374, 5376, 5376, 5378, 5378, 5380, 5380, 5382, 5382, 5385, 5390, 5391, 5392, 5393, 5394, 5395, 5395, 5397, 5398, 5398, 5398, 5399, 5399, 5399, 5401, 5402, 5402, 5405, 5406, 5407, 5409, 5409, 5410, 5410, 5410, 5411, 5412, 5413, 5414, 5414, 5415, 5415, 5415, 5416, 5416, 5416, 5417, 5418, 5419, 5419, 5419, 5420, 5421, 5422, 5422, 5423, 5424, 5426, 5427, 5427, 5428, 5429, 5430, 5431, 5432, 5432, 5433, 5435, 5436, 5437, 5437, 5438, 5438, 5440, 5441, 5442, 5442, 5443, 5444, 5444, 5446, 5447, 5448, 5448, 5448, 5449, 5450, 5450, 5450, 5451, 5451, 5451, 5453, 5453, 5454, 5456, 5458, 5459, 5460, 5460, 5460, 5461, 5461, 5462, 5462, 5463, 5463, 5463, 5464, 5464, 5464, 5469, 5469, 5470, 5471, 5471, 5473, 5474, 5475, 5476, 5478, 5478, 5478, 5478, 5480, 5484, 5486, 5487, 5487, 5487, 5487, 5488, 5489, 5489, 5492, 5494, 5494, 5494, 5495, 5495, 5496, 5497, 5498, 5499, 5500, 5501, 5501, 5502, 5503, 5503, 5504, 5504, 5505, 5505, 5507, 5509, 5511, 5512, 5513, 5515, 5517, 5519, 5520, 5520, 5520, 5520, 5520, 5522, 5523, 5524, 5524, 5524, 5524, 5525, 5527, 5527, 5527, 5528, 5529, 5530, 5531, 5532, 5532, 5533, 5534, 5534, 5535, 5535, 5535, 5537, 5537, 5538, 5538, 5539, 5540, 5541, 5541, 5541, 5541, 5542, 5543, 5543, 5543, 5545, 5547, 5549, 5550, 5550, 5550, 5551, 5553, 5554, 5554, 5555, 5555, 5558, 5558, 5558, 5560, 5560, 5560, 5566, 5566, 5567, 5567, 5569, 5570, 5570, 5572, 5573, 5574, 5575, 5577, 5581, 5581, 5581, 5582, 5585, 5586, 5586, 5586, 5587, 5587, 5589, 5591, 5591, 5591, 5592, 5592, 5593, 5593, 5594, 5597, 5598, 5598, 5600, 5600, 5601, 5602, 5602, 5603, 5604, 5604, 5606, 5608, 5608, 5608, 5608, 5608, 5611, 5611, 5614, 5614, 5614, 5615, 5617, 5619, 5620, 5620, 5620, 5621, 5622, 5623, 5624, 5625, 5626, 5628, 5629, 5630, 5633, 5634, 5638, 5638, 5638, 5638, 5638, 5639, 5640, 5641, 5641, 5642, 5642, 5643, 5643, 5644, 5647, 5649, 5650, 5650, 5651, 5651, 5652, 5654, 5655, 5656, 5656, 5656, 5659, 5660, 5660, 5661, 5663, 5663, 5666, 5666, 5667, 5670, 5672, 5672, 5673, 5673, 5678, 5680, 5681, 5682, 5682, 5682, 5683, 5683, 5683, 5683, 5683, 5684, 5684, 5684, 5684, 5685, 5685, 5685, 5690, 5690, 5690, 5691, 5692, 5692, 5694, 5695, 5696, 5697, 5698, 5699, 5701, 5701, 5702, 5702, 5705, 5705, 5705, 5707, 5708, 5712, 5712, 5712, 5713, 5714, 5715, 5718, 5718, 5719, 5719, 5719, 5719, 5719, 5724, 5724, 5724, 5725, 5726, 5727, 5727, 5728, 5732, 5735, 5735, 5738, 5739, 5739, 5741, 5741, 5741, 5742, 5744, 5745, 5745, 5745, 5745, 5747, 5749, 5751, 5751, 5751, 5753, 5753, 5754, 5754, 5754, 5755, 5757, 5759, 5762, 5763, 5764, 5764, 5765, 5765, 5767, 5768, 5768, 5770, 5771, 5771, 5771, 5772, 5772, 5772, 5774, 5775, 5777, 5777, 5777, 5780, 5780, 5781, 5782, 5782, 5783, 5784, 5784, 5784, 5784, 5785, 5787, 5788, 5788, 5788, 5788, 5788, 5791, 5791, 5791, 5791, 5792, 5793, 5794, 5794, 5796, 5796, 5798, 5799, 5801, 5801, 5802, 5804, 5805, 5806, 5808, 5809, 5809, 5810, 5810, 5811, 5811, 5812, 5812, 5815, 5815, 5816, 5816, 5817, 5817, 5818, 5823, 5823, 5824, 5825, 5826, 5826, 5827, 5829, 5830, 5830, 5833, 5834, 5834, 5834, 5837, 5839, 5840, 5840, 5841, 5842, 5843, 5844, 5844, 5846, 5846, 5846, 5847, 5848, 5849, 5849, 5851, 5852, 5852, 5853, 5853, 5854, 5855, 5859, 5860, 5861, 5861, 5867, 5868, 5868, 5870, 5872, 5872, 5873, 5873, 5874, 5877, 5877, 5877, 5880, 5881, 5883, 5885, 5887, 5887, 5888, 5888, 5889, 5893, 5896, 5896, 5897, 5897, 5898, 5898, 5898, 5898, 5899, 5899, 5901, 5903, 5903, 5903, 5903, 5904, 5906, 5908, 5912, 5913, 5915, 5915, 5916, 5918, 5918, 5918, 5918, 5918, 5918, 5921, 5923, 5927, 5928, 5930, 5930, 5931, 5932, 5935, 5936, 5937, 5937, 5938, 5938, 5939, 5940, 5942, 5945, 5946, 5946, 5946, 5947, 5949, 5949, 5949, 5951, 5952, 5957, 5957, 5957, 5957, 5957, 5957, 5959, 5962, 5963, 5964, 5966, 5966, 5967, 5969, 5970, 5971, 5972, 5974, 5974, 5975, 5976, 5977, 5978, 5978, 5978, 5978, 5980, 5980, 5980, 5981, 5981, 5982, 5982, 5982, 5982, 5983, 5985, 5985, 5985, 5986, 5986, 5986, 5989, 5989, 5990, 5991, 5991, 5992, 5998, 6001, 6005, 6006, 6009, 6009, 6010, 6011, 6012, 6014, 6014, 6016, 6017, 6019, 6019, 6021, 6022, 6024, 6025, 6026, 6028, 6029, 6031, 6032, 6032, 6033, 6033, 6034, 6037, 6038, 6039, 6039, 6040, 6040, 6041, 6041, 6042, 6042, 6043, 6046, 6050, 6051, 6055, 6059, 6059, 6059, 6061, 6061, 6062, 6063, 6063, 6063, 6065, 6065, 6065, 6068, 6070, 6070, 6072, 6073, 6073, 6075, 6075, 6076, 6077, 6078, 6079, 6079, 6080, 6081, 6082, 6083, 6083, 6083, 6086, 6086, 6086, 6089, 6089, 6091, 6092, 6093, 6095, 6097, 6098, 6098, 6098, 6100, 6100, 6100, 6101, 6105, 6105, 6108, 6109, 6109, 6110, 6113, 6114, 6114, 6116, 6118, 6118, 6120, 6123, 6124, 6125, 6125, 6127, 6127, 6128, 6128, 6128, 6129, 6129, 6130, 6130, 6131, 6132, 6133, 6133, 6136, 6136, 6136, 6137, 6137, 6138, 6140, 6142, 6142, 6143, 6145, 6145, 6146, 6146, 6147, 6147, 6148, 6148, 6148, 6149, 6149, 6152, 6152, 6152, 6152, 6153, 6153, 6153, 6154, 6155, 6156, 6156, 6157, 6157, 6158, 6158, 6159, 6159, 6161, 6161, 6164, 6167, 6167, 6168, 6168, 6171, 6171, 6172, 6172, 6174, 6175, 6175, 6178, 6178, 6179, 6180, 6182, 6184, 6185, 6186, 6186, 6187, 6187, 6188, 6188, 6188, 6189, 6189, 6189, 6190, 6190, 6192, 6192, 6193, 6194, 6195, 6196, 6196, 6197, 6197, 6199, 6199, 6200, 6201, 6201, 6201, 6202, 6202, 6202, 6203, 6203, 6204, 6204, 6206, 6207, 6208, 6209, 6213, 6214, 6214, 6220, 6221, 6221, 6222, 6222, 6226, 6226, 6228, 6228, 6230, 6230, 6230, 6231, 6232, 6232, 6232, 6234, 6234, 6235, 6235, 6236, 6237, 6238, 6240, 6241, 6243, 6244, 6244, 6244, 6247, 6247, 6248, 6250, 6252, 6253, 6254, 6255, 6256, 6256, 6256, 6259, 6259, 6261, 6262, 6262, 6264, 6265, 6266, 6267, 6267, 6268, 6271, 6271, 6273, 6274, 6274, 6277, 6277, 6277, 6277, 6277, 6280, 6280, 6281, 6281, 6283, 6285, 6287, 6289, 6289, 6290, 6290, 6291, 6291, 6291, 6293, 6295, 6296, 6297, 6297, 6298, 6299, 6300, 6301, 6301, 6302, 6303, 6304, 6305, 6307, 6308, 6309, 6309, 6310, 6310, 6311, 6311, 6312, 6313, 6313, 6313, 6313, 6314, 6314, 6314, 6316, 6316, 6318, 6319, 6320, 6325, 6328, 6330, 6330, 6331, 6332, 6332, 6334, 6337, 6340, 6341, 6344, 6345, 6346, 6347, 6349, 6349, 6350, 6352, 6352, 6353, 6354, 6357, 6357, 6360, 6361, 6361, 6362, 6362, 6362, 6362, 6366, 6367, 6367, 6367, 6369, 6370, 6371, 6371, 6372, 6375, 6376, 6379, 6381, 6382, 6382, 6383, 6385, 6385, 6385, 6386, 6387, 6387, 6390, 6392, 6393, 6394, 6394, 6395, 6398, 6398, 6399, 6399, 6402, 6402, 6405, 6406, 6407, 6409, 6410, 6411, 6411, 6411, 6412, 6413, 6414, 6414, 6419, 6419, 6420, 6420, 6420, 6421, 6422, 6422, 6424, 6424, 6424, 6425, 6426, 6426, 6427, 6428, 6428, 6431, 6432, 6432, 6435, 6436, 6436, 6437, 6438, 6439, 6439, 6439, 6439, 6439, 6440, 6441, 6441, 6441, 6442, 6443, 6443, 6444, 6445, 6445, 6448, 6449, 6449, 6450, 6454, 6454, 6456, 6457, 6457, 6458, 6461, 6461, 6462, 6462, 6462, 6463, 6467, 6467, 6467, 6470, 6471, 6474, 6474, 6476, 6476, 6476, 6476, 6478, 6479, 6479, 6480, 6480, 6480, 6481, 6482, 6482, 6482, 6486, 6486, 6488, 6488, 6488, 6489, 6489, 6490, 6490, 6490, 6492, 6495, 6495, 6496, 6499, 6499, 6500, 6502, 6504, 6504, 6504, 6506, 6507, 6507, 6508, 6508, 6508, 6509, 6510, 6510, 6510, 6512, 6512, 6512, 6513, 6514, 6514, 6514, 6515, 6516, 6517, 6519, 6520, 6520, 6521, 6525, 6525, 6526, 6526, 6526, 6528, 6528, 6529, 6529, 6530, 6530, 6530, 6533, 6533, 6533, 6535, 6537, 6538, 6538, 6539, 6539, 6540, 6540, 6540, 6541, 6541, 6541, 6543, 6545, 6545, 6546, 6547, 6547, 6547, 6547, 6548, 6549, 6549, 6550, 6550, 6551, 6551, 6553, 6553, 6556, 6557, 6557, 6557, 6560, 6563, 6563, 6564, 6565, 6565, 6566, 6572, 6572, 6572, 6572, 6572, 6573, 6580, 6580, 6583, 6585, 6589, 6589, 6589, 6590, 6593, 6593, 6593, 6595, 6596, 6597, 6597, 6598, 6598, 6599, 6601, 6601, 6602, 6603, 6603, 6604, 6605, 6607, 6608, 6609, 6609, 6609, 6610, 6613, 6616, 6617, 6621, 6621, 6622, 6623, 6624, 6626, 6628, 6628, 6630, 6631, 6631, 6633, 6633, 6633, 6634, 6636, 6636, 6637, 6638, 6639, 6639, 6640, 6642, 6644, 6646, 6646, 6648, 6648, 6652, 6653, 6653, 6654, 6658, 6659, 6660, 6660, 6662, 6664, 6666, 6666, 6667, 6670, 6670, 6671, 6672, 6677, 6678, 6679, 6679, 6680, 6681, 6681, 6683, 6683, 6684, 6684, 6685, 6685, 6686, 6686, 6686, 6688, 6688, 6690, 6690, 6691, 6692, 6692, 6694, 6694, 6694, 6698, 6698, 6699, 6701, 6702, 6703, 6704, 6705, 6706, 6706, 6707, 6707, 6708, 6708, 6708, 6709, 6709, 6709, 6710, 6710, 6713, 6713, 6714, 6715, 6715, 6715, 6717, 6718, 6719, 6720, 6722, 6722, 6724, 6725, 6725, 6728, 6729, 6729, 6730, 6732, 6733, 6734, 6736, 6737, 6738, 6738, 6738, 6741, 6742, 6742, 6743, 6743, 6743, 6746, 6747, 6750, 6751, 6751, 6753, 6753, 6753, 6754, 6755, 6756, 6757, 6758, 6759, 6759, 6759, 6759, 6760, 6763, 6765, 6769, 6772, 6772, 6774, 6774, 6775, 6776, 6781, 6783, 6784, 6784, 6785, 6786, 6786, 6787, 6787, 6789, 6789, 6790, 6790, 6791, 6792, 6792, 6793, 6795, 6795, 6797, 6797, 6797, 6798, 6798, 6799, 6799, 6799, 6800, 6800, 6800, 6801, 6801, 6804, 6806, 6806, 6807, 6807, 6808, 6808, 6808, 6810, 6810, 6811, 6811, 6811, 6811, 6811, 6813, 6814, 6814, 6815, 6816, 6817, 6817, 6817, 6818, 6819, 6819, 6821, 6822, 6823, 6824, 6824, 6824, 6825, 6826, 6826, 6828, 6828, 6829, 6830, 6830, 6832, 6832, 6833, 6833, 6833, 6834, 6834, 6835, 6838, 6838, 6838, 6839, 6840, 6842, 6843, 6844, 6845, 6845, 6847, 6848, 6849, 6850, 6851, 6851, 6851, 6851, 6852, 6853, 6853, 6853, 6854, 6856, 6856, 6857, 6861, 6861, 6861, 6862, 6862, 6862, 6863, 6864, 6864, 6865, 6866, 6867, 6867, 6870, 6871, 6873, 6874, 6875, 6875, 6875, 6878, 6879, 6879, 6880, 6880, 6882, 6883, 6884, 6884, 6884, 6885, 6886, 6887, 6887, 6888, 6889, 6889, 6890, 6890, 6890, 6891, 6894, 6897, 6899, 6900, 6901, 6902, 6902, 6903, 6903, 6903, 6904, 6904, 6906, 6907, 6908, 6908, 6908, 6908, 6909, 6909, 6909, 6910, 6913, 6914, 6915, 6917, 6917, 6919, 6921, 6921, 6921, 6922, 6922, 6924, 6924, 6925, 6926, 6926, 6927, 6931, 6931, 6932, 6932, 6932, 6932, 6934, 6935, 6935, 6937, 6937, 6939, 6939, 6940, 6941, 6941, 6942, 6942, 6942, 6945, 6946, 6946, 6948, 6949, 6949, 6949, 6949, 6951, 6951, 6951, 6953, 6954, 6956, 6956, 6959, 6959, 6959, 6960, 6961, 6961, 6961, 6962, 6965, 6965, 6966, 6968, 6969, 6969, 6970, 6971, 6971, 6971, 6972, 6973, 6974, 6974, 6975, 6977, 6977, 6978, 6981, 6981, 6981, 6981, 6985, 6987, 6990, 6990, 6992, 6993, 6994, 6997, 6999, 7000, 7001, 7002, 7002, 7002, 7003, 7004, 7004, 7004, 7004, 7005, 7005, 7006, 7006, 7007, 7008, 7009, 7009, 7010, 7011, 7012, 7013, 7014, 7017, 7020, 7020, 7021, 7021, 7023, 7025, 7026, 7027, 7027, 7028, 7028, 7028, 7029, 7031, 7031, 7032, 7032, 7034, 7035, 7035, 7035, 7036, 7036, 7038, 7038, 7038, 7039, 7040, 7044, 7045, 7045, 7046, 7046, 7047, 7048, 7051, 7051, 7052, 7052, 7054, 7057, 7058, 7059, 7061, 7064, 7066, 7067, 7067, 7068, 7068, 7068, 7068, 7069, 7070, 7072, 7072, 7072, 7073, 7074, 7075, 7075, 7076, 7079, 7079, 7082, 7083, 7084, 7084, 7084, 7086, 7089, 7091, 7093, 7094, 7094, 7094, 7096, 7097, 7097, 7097, 7097, 7109, 7109, 7110, 7110, 7111, 7112, 7112, 7113, 7113, 7114, 7114, 7115, 7115, 7115, 7116, 7118, 7119, 7119, 7122, 7122, 7125, 7126, 7127, 7127, 7129, 7133, 7134, 7135, 7136, 7136, 7139, 7139, 7141, 7142, 7142, 7143, 7143, 7143, 7146, 7148, 7149, 7150, 7150, 7150, 7152, 7152, 7154, 7155, 7156, 7156, 7157, 7161, 7163, 7163, 7164, 7164, 7167, 7167, 7168, 7171, 7172, 7175, 7177, 7177, 7178, 7178, 7179, 7179, 7181, 7182, 7184, 7184, 7187, 7189, 7189, 7189, 7189, 7191, 7192, 7195, 7197, 7199, 7199, 7199, 7200, 7202, 7203, 7203, 7205, 7206, 7206, 7207, 7208, 7211, 7211, 7212, 7214, 7216, 7216, 7219, 7219, 7220, 7221, 7222, 7223, 7223, 7223, 7225, 7225, 7226, 7228, 7230, 7231, 7232, 7232, 7233, 7236, 7237, 7237, 7238, 7239, 7239, 7241, 7242, 7244, 7244, 7245, 7245, 7247, 7248, 7249, 7251, 7251, 7252, 7252, 7253, 7253, 7254, 7254, 7256, 7257, 7259, 7259, 7261, 7263, 7266, 7267, 7268, 7268, 7271, 7272, 7272, 7273, 7274, 7275, 7275, 7276, 7277, 7279, 7279, 7280, 7280, 7281, 7282, 7283, 7283, 7283, 7284, 7284, 7285, 7285, 7285, 7286, 7286, 7286, 7289, 7290, 7290, 7293, 7294, 7295, 7296, 7299, 7299, 7299, 7300, 7300, 7300, 7300, 7301, 7302, 7302, 7303, 7303, 7304, 7304, 7305, 7305, 7306, 7306, 7307, 7307, 7310, 7311, 7313, 7313, 7313, 7314, 7317, 7318, 7324, 7324, 7326, 7326, 7327, 7328, 7330, 7330, 7331, 7331, 7333, 7334, 7335, 7339, 7339, 7339, 7342, 7342, 7343, 7343, 7343, 7343, 7344, 7344, 7344, 7345, 7345, 7346, 7346, 7348, 7349, 7349, 7351, 7352, 7355, 7355, 7357, 7357, 7357, 7357, 7361, 7363, 7363, 7365, 7366, 7368, 7369, 7369, 7370, 7371, 7371, 7373, 7373, 7378, 7380, 7383, 7384, 7384, 7385, 7385, 7387, 7389, 7389, 7391, 7391, 7392, 7393, 7395, 7396, 7396, 7397, 7398, 7398, 7398, 7399, 7399, 7400, 7402, 7402, 7404, 7405, 7405, 7406, 7406, 7406, 7409, 7410, 7412, 7414, 7419, 7420, 7420, 7420, 7421, 7421, 7421, 7421, 7422, 7423, 7424, 7425, 7425, 7427, 7428, 7428, 7429, 7429, 7432, 7432, 7432, 7433, 7437, 7438, 7439, 7442, 7443, 7443, 7445, 7445, 7445, 7446, 7447, 7448, 7451, 7451, 7452, 7452, 7453, 7454, 7455, 7456, 7457, 7457, 7457, 7459, 7459, 7459, 7464, 7466, 7466, 7471, 7471, 7471, 7476, 7476, 7477, 7477, 7478, 7478, 7478, 7480, 7481, 7482, 7482, 7483, 7483, 7483, 7483, 7483, 7483, 7484, 7484, 7487, 7488, 7489, 7489, 7490, 7491, 7491, 7491, 7492, 7492, 7493, 7494, 7495, 7495, 7496, 7497, 7497, 7499, 7503, 7504, 7504, 7506, 7507, 7508, 7508, 7508, 7510, 7510, 7512, 7512, 7513, 7514, 7515, 7516, 7517, 7517, 7518, 7519, 7520, 7520, 7521, 7521, 7523, 7524, 7527, 7528, 7529, 7529, 7530, 7531, 7531, 7534, 7534, 7534, 7536, 7536, 7537, 7538, 7539, 7539, 7540, 7541, 7541, 7542, 7542, 7542, 7543, 7544, 7544, 7544, 7544, 7544, 7545, 7546, 7549, 7549, 7551, 7555, 7555, 7555, 7557, 7557, 7557, 7559, 7562, 7563, 7563, 7565, 7565, 7566, 7567, 7570, 7570, 7571, 7572, 7572, 7573, 7573, 7573, 7574, 7574, 7578, 7579, 7580, 7582, 7584, 7586, 7586, 7587, 7587, 7587, 7587, 7588, 7588, 7589, 7591, 7592, 7593, 7594, 7595, 7597, 7597, 7597, 7598, 7599, 7602, 7603, 7603, 7605, 7606, 7608, 7609, 7610, 7610, 7611, 7611, 7613, 7615, 7619, 7622, 7623, 7624, 7627, 7627, 7627, 7627, 7628, 7629, 7629, 7629, 7630, 7632, 7632, 7632, 7632, 7633, 7635, 7636, 7637, 7638, 7638, 7639, 7641, 7642, 7643, 7643, 7644, 7645, 7645, 7647, 7648, 7648, 7649, 7649, 7651, 7652, 7653, 7654, 7655, 7655, 7657, 7660, 7661, 7662, 7662, 7663, 7664, 7665, 7666, 7667, 7670, 7671, 7672, 7673, 7673, 7674, 7674, 7675, 7675, 7676, 7677, 7678, 7679, 7679, 7685, 7685, 7689, 7689, 7691, 7692, 7693, 7693, 7696, 7703, 7704, 7704, 7705, 7705, 7707, 7708, 7708, 7710, 7710, 7711, 7711, 7711, 7712, 7714, 7715, 7715, 7716, 7716, 7717, 7717, 7719, 7720, 7721, 7722, 7722, 7722, 7723, 7723, 7723, 7726, 7727, 7729, 7729, 7730, 7730, 7731, 7732, 7733, 7734, 7735, 7735, 7736, 7740, 7740, 7740, 7740, 7744, 7744, 7748, 7748, 7749, 7749, 7750, 7750, 7751, 7751, 7752, 7754, 7755, 7757, 7757, 7758, 7759, 7759, 7760, 7762, 7763, 7763, 7764, 7767, 7767, 7767, 7768, 7770, 7771, 7773, 7773, 7774, 7774, 7774, 7774, 7774, 7777, 7777, 7777, 7779, 7779, 7781, 7782, 7784, 7784, 7787, 7788, 7788, 7789, 7790, 7790, 7792, 7793, 7793, 7795, 7795, 7796, 7796, 7798, 7799, 7799, 7800, 7800, 7801, 7803, 7805, 7806, 7806, 7807, 7807, 7809, 7813, 7813, 7813, 7817, 7818, 7818, 7819, 7820, 7820, 7821, 7821, 7822, 7822, 7824, 7824, 7824, 7827, 7827, 7830, 7831, 7832, 7833, 7835, 7835, 7837, 7838, 7840, 7841, 7843, 7844, 7845, 7845, 7845, 7846, 7846, 7847, 7849, 7849, 7851, 7855, 7856, 7857, 7858, 7858, 7859, 7859, 7860, 7860, 7861, 7863, 7864, 7865, 7865, 7867, 7868, 7870, 7871, 7872, 7874, 7874, 7874, 7875, 7875, 7876, 7876, 7876, 7876, 7877, 7878, 7878, 7880, 7880, 7883, 7884, 7884, 7885, 7885, 7885, 7886, 7887, 7890, 7891, 7891, 7891, 7891, 7892, 7892, 7892, 7892, 7893, 7895, 7896, 7896, 7898, 7899, 7901, 7901, 7903, 7903, 7904, 7904, 7904, 7907, 7907, 7907, 7907, 7909, 7909, 7911, 7913, 7914, 7915, 7916, 7917, 7917, 7918, 7919, 7919, 7921, 7921, 7922, 7923, 7925, 7925, 7928, 7929, 7929, 7929, 7930, 7931, 7932, 7932, 7934, 7936, 7936, 7937, 7938, 7939, 7940, 7943, 7944, 7945, 7946, 7948, 7950, 7950, 7950, 7952, 7952, 7952, 7953, 7955, 7957, 7961, 7961, 7962, 7964, 7964, 7966, 7967, 7967, 7968, 7968, 7970, 7970, 7971, 7972, 7972, 7974, 7977, 7979, 7980, 7981, 7982, 7982, 7983, 7986, 7987, 7987, 7989, 7989, 7990, 7991, 7992, 7993, 7994, 7995, 7996, 7998, 8002, 8003, 8003, 8004, 8004, 8005, 8005, 8006, 8007, 8008, 8012, 8013, 8015, 8017, 8019, 8019, 8020, 8020, 8021, 8023, 8025, 8026, 8027, 8028, 8028, 8029, 8029, 8030, 8031, 8033, 8034, 8035, 8035, 8036, 8037, 8038, 8039, 8039, 8040, 8040, 8040, 8042, 8044, 8045, 8047, 8052, 8053, 8054, 8054, 8056, 8057, 8058, 8063, 8063, 8064, 8065, 8066, 8066, 8068, 8069, 8070, 8071, 8071, 8074, 8075, 8076, 8077, 8077, 8078, 8078, 8079, 8080, 8081, 8083, 8086, 8086, 8087, 8088, 8088, 8088, 8089, 8090, 8091, 8091, 8092, 8092, 8094, 8095, 8096, 8096, 8097, 8098, 8098, 8098, 8100, 8103, 8104, 8106, 8107, 8107, 8108, 8109, 8109, 8111, 8112, 8112, 8113, 8114, 8117, 8117, 8117, 8117, 8118, 8120, 8120, 8121, 8122, 8126, 8126, 8128, 8128, 8129, 8129, 8130, 8132, 8132, 8132, 8132, 8133, 8135, 8135, 8136, 8136, 8137, 8138, 8139, 8139, 8141, 8142, 8143, 8144, 8144, 8144, 8147, 8148, 8152, 8153, 8153, 8154, 8154, 8158, 8158, 8162, 8163, 8163, 8164, 8166, 8166, 8174, 8174, 8174, 8176, 8176, 8177, 8178, 8179, 8179, 8181, 8181, 8181, 8184, 8184, 8186, 8186, 8188, 8188, 8189, 8189, 8190, 8194, 8194, 8194, 8195, 8196, 8198, 8198, 8199, 8201, 8203, 8204, 8204, 8204, 8205, 8206, 8207, 8207, 8208, 8209, 8210, 8210, 8211, 8213, 8215, 8216, 8218, 8218, 8220, 8221, 8222, 8223, 8223, 8224, 8224, 8226, 8227, 8228, 8228, 8229, 8229, 8229, 8230, 8231, 8232, 8232, 8233, 8234, 8235, 8235, 8235, 8236, 8237, 8237, 8241, 8241, 8242, 8243, 8244, 8244, 8244, 8246, 8246, 8248, 8249, 8250, 8251, 8251, 8252, 8255, 8256, 8259, 8260, 8262, 8262, 8265, 8265, 8266, 8266, 8269, 8273, 8273, 8274, 8275, 8276, 8276, 8277, 8278, 8278, 8280, 8282, 8282, 8282, 8282, 8282, 8284, 8288, 8288, 8290, 8292, 8294, 8294, 8296, 8296, 8296, 8297, 8298, 8300, 8303, 8304, 8306, 8306, 8307, 8308, 8309, 8309, 8313, 8313, 8314, 8316, 8316, 8317, 8322, 8322, 8322, 8322, 8323, 8324, 8325, 8326, 8327, 8328, 8329, 8330, 8330, 8330, 8330, 8332, 8338, 8338, 8340, 8341, 8341, 8343, 8344, 8344, 8344, 8344, 8345, 8345, 8346, 8347, 8347, 8348, 8349, 8349, 8349, 8350, 8350, 8351, 8351, 8352, 8352, 8354, 8357, 8357, 8358, 8358, 8359, 8359, 8363, 8363, 8363, 8366, 8367, 8368, 8368, 8371, 8374, 8375, 8377, 8378, 8380, 8381, 8381, 8382, 8382, 8383, 8383, 8383, 8387, 8387, 8387, 8388, 8388, 8390, 8390, 8392, 8392, 8394, 8394, 8395, 8395, 8396, 8397, 8402, 8403, 8403, 8404, 8405, 8406, 8412, 8412, 8412, 8415, 8420, 8422, 8422, 8426, 8429, 8431, 8432, 8432, 8433, 8434, 8434, 8434, 8435, 8436, 8437, 8439, 8439, 8442, 8442, 8443, 8445, 8445, 8446, 8446, 8447, 8448, 8449, 8451, 8451, 8453, 8455, 8455, 8455, 8456, 8456, 8457, 8458, 8458, 8459, 8459, 8461, 8461, 8463, 8465, 8466, 8467, 8468, 8469, 8469, 8470, 8473, 8473, 8474, 8474, 8474, 8474, 8477, 8477, 8477, 8478, 8480, 8480, 8481, 8481, 8482, 8482, 8482, 8485, 8486, 8486, 8486, 8487, 8488, 8488, 8489, 8491, 8494, 8496, 8498, 8498, 8499, 8501, 8503, 8504, 8504, 8504, 8505, 8506, 8506, 8508, 8509, 8510, 8510, 8512, 8513, 8513, 8513, 8514, 8514, 8515, 8515, 8523, 8524, 8525, 8526, 8527, 8527, 8527, 8527, 8527, 8529, 8529, 8531, 8531, 8532, 8533, 8533, 8535, 8535, 8537, 8538, 8538, 8539, 8539, 8539, 8539, 8540, 8541, 8541, 8542, 8543, 8544, 8544, 8544, 8545, 8546, 8546, 8548, 8549, 8550, 8550, 8551, 8551, 8551, 8554, 8556, 8556, 8558, 8559, 8561, 8561, 8562, 8562, 8562, 8563, 8563, 8564, 8565, 8566, 8568, 8568, 8569, 8572, 8573, 8576, 8577, 8577, 8578, 8581, 8582, 8582, 8583, 8584, 8584, 8584, 8585, 8586, 8586, 8588, 8588, 8589, 8590, 8590, 8591, 8594, 8598, 8599, 8600, 8600, 8602, 8604, 8605, 8606, 8606, 8606, 8607, 8609, 8612, 8613, 8613, 8615, 8615, 8615, 8616, 8617, 8617, 8619, 8620, 8622, 8622, 8623, 8626, 8626, 8628, 8628, 8628, 8628, 8628, 8628, 8629, 8631, 8631, 8632, 8635, 8639, 8639, 8640, 8643, 8646, 8646, 8646, 8647, 8648, 8648, 8649, 8649, 8650, 8651, 8651, 8652, 8653, 8654, 8654, 8656, 8656, 8659, 8660, 8660, 8660, 8661, 8662, 8663, 8663, 8664, 8664, 8667, 8667, 8668, 8668, 8674, 8677, 8678, 8678, 8678, 8679, 8682, 8683, 8683, 8685, 8685, 8686, 8688, 8688, 8688, 8689, 8692, 8694, 8694, 8694, 8695, 8695, 8698, 8699, 8700, 8700, 8701, 8701, 8701, 8703, 8703, 8703, 8706, 8706, 8706, 8707, 8708, 8708, 8709, 8710, 8711, 8712, 8713, 8713, 8714, 8715, 8715, 8715, 8715, 8716, 8716, 8717, 8717, 8719, 8720, 8720, 8722, 8723, 8723, 8724, 8726, 8727, 8728, 8728, 8728, 8728, 8729, 8729, 8729, 8729, 8729, 8730, 8731, 8733, 8734, 8735, 8735, 8736, 8737, 8737, 8737, 8738, 8739, 8740, 8741, 8743, 8744, 8744, 8745, 8745, 8745, 8745, 8746, 8747, 8747, 8748, 8748, 8749, 8750, 8752, 8753, 8754, 8756, 8757, 8758, 8761, 8763, 8766, 8767, 8767, 8767, 8767, 8769, 8770, 8771, 8771, 8772, 8773, 8775, 8775, 8778, 8778, 8779, 8781, 8783, 8784, 8785, 8786, 8786, 8788, 8788, 8789, 8789, 8790, 8791, 8791, 8792, 8796, 8798, 8800, 8800, 8802, 8804, 8805, 8805, 8806, 8806, 8807, 8809, 8811, 8812, 8813, 8813, 8814, 8818, 8820, 8822, 8822, 8823, 8824, 8831, 8834, 8834, 8835, 8836, 8836, 8837, 8837, 8837, 8840, 8841, 8841, 8843, 8847, 8850, 8850, 8852, 8852, 8855, 8855, 8858, 8858, 8860, 8864, 8864, 8864, 8865, 8866, 8866, 8869, 8871, 8871, 8874, 8878, 8878, 8879, 8879, 8881, 8882, 8884, 8884, 8885, 8886, 8887, 8890, 8891, 8891, 8892, 8892, 8893, 8893, 8894, 8895, 8895, 8896, 8896, 8897, 8899, 8901, 8901, 8902, 8903, 8903, 8903, 8906, 8907, 8907, 8908, 8908, 8908, 8909, 8910, 8911, 8911, 8913, 8913, 8913, 8914, 8917, 8918, 8918, 8919, 8919, 8920, 8920, 8926, 8926, 8928, 8930, 8930, 8930, 8933, 8934, 8936, 8938, 8939, 8939, 8939, 8942, 8944, 8945, 8946, 8948, 8951, 8951, 8951, 8952, 8954, 8955, 8956, 8956, 8957, 8957, 8958, 8958, 8958, 8959, 8960, 8961, 8963, 8966, 8968, 8968, 8969, 8969, 8970, 8971, 8971, 8972, 8976, 8977, 8977, 8979, 8980, 8981, 8982, 8982, 8982, 8985, 8985, 8986, 8988, 8989, 8990, 8992, 8993, 8993, 8995, 8995, 8997, 8998, 8998, 8998, 8999, 9000, 9000, 9000, 9000, 9001, 9002, 9006, 9006, 9008, 9008, 9009, 9011, 9011, 9016, 9017, 9017, 9018, 9018, 9019, 9019, 9019, 9020, 9021, 9021, 9022, 9022, 9023, 9024, 9024, 9024, 9024, 9025, 9025, 9025, 9026, 9028, 9029, 9029, 9030, 9030, 9031, 9031, 9033, 9034, 9035, 9035, 9036, 9037, 9037, 9038, 9040, 9040, 9040, 9041, 9042, 9042, 9043, 9043, 9044, 9044, 9045, 9046, 9046, 9046, 9048, 9048, 9050, 9051, 9052, 9052, 9052, 9052, 9056, 9058, 9058, 9059, 9059, 9061, 9061, 9063, 9063, 9064, 9066, 9066, 9066, 9066, 9066, 9067, 9069, 9069, 9069, 9070, 9070, 9070, 9072, 9073, 9074, 9075, 9075, 9075, 9077, 9077, 9080, 9080, 9082, 9083, 9084, 9087, 9087, 9087, 9088, 9089, 9090, 9090, 9091, 9091, 9092, 9096, 9096, 9096, 9097, 9097, 9097, 9098, 9098, 9099, 9105, 9105, 9106, 9106, 9107, 9108, 9109, 9109, 9110, 9111, 9111, 9112, 9112, 9112, 9113, 9116, 9117, 9117, 9120, 9121, 9121, 9122, 9122, 9123, 9126, 9127, 9129, 9132, 9133, 9133, 9136, 9137, 9141, 9141, 9141, 9142, 9143, 9144, 9145, 9146, 9147, 9148, 9148, 9148, 9149, 9155, 9156, 9158, 9158, 9158, 9160, 9160, 9161, 9162, 9162, 9163, 9165, 9165, 9166, 9166, 9167, 9167, 9168, 9168, 9168, 9169, 9170, 9170, 9170, 9170, 9170, 9170, 9171, 9171, 9172, 9172, 9174, 9174, 9175, 9176, 9180, 9181, 9181, 9181, 9182, 9183, 9183, 9185, 9186, 9188, 9188, 9188, 9188, 9189, 9189, 9189, 9193, 9193, 9193, 9194, 9195, 9196, 9196, 9197, 9197, 9197, 9199, 9200, 9201, 9201, 9201, 9204, 9204, 9204, 9206, 9208, 9210, 9213, 9213, 9214, 9214, 9214, 9216, 9216, 9216, 9218, 9218, 9220, 9223, 9223, 9224, 9225, 9225, 9225, 9226, 9230, 9231, 9231, 9232, 9232, 9235, 9238, 9240, 9240, 9241, 9241, 9245, 9245, 9245, 9245, 9246, 9247, 9249, 9253, 9254, 9255, 9255, 9257, 9257, 9257, 9259, 9259, 9260, 9261, 9262, 9263, 9264, 9265, 9266, 9266, 9266, 9267, 9269, 9270, 9270, 9270, 9270, 9271, 9272, 9273, 9273, 9274, 9275, 9275, 9277, 9279, 9280, 9280, 9281, 9281, 9282, 9284, 9285, 9287, 9290, 9290, 9293, 9294, 9295, 9297, 9298, 9300, 9300, 9302, 9303, 9304, 9305, 9306, 9308, 9308, 9308, 9311, 9313, 9314, 9314, 9315, 9315, 9317, 9317, 9321, 9321, 9324, 9324, 9325, 9326, 9328, 9328, 9328, 9330, 9331, 9331, 9332, 9333, 9333, 9334, 9334, 9334, 9336, 9337, 9338, 9343, 9344, 9345, 9347, 9348, 9349, 9350, 9353, 9353, 9353, 9355, 9356, 9358, 9358, 9358, 9359, 9359, 9360, 9361, 9362, 9362, 9362, 9363, 9365, 9366, 9366, 9367, 9368, 9369, 9371, 9371, 9371, 9371, 9372, 9372, 9373, 9373, 9374, 9374, 9375, 9375, 9376, 9377, 9379, 9379, 9380, 9381, 9381, 9381, 9383, 9385, 9385, 9385, 9386, 9388, 9390, 9390, 9392, 9393, 9393, 9394, 9396, 9398, 9399, 9400, 9401, 9402, 9402, 9403, 9406, 9410, 9411, 9412, 9413, 9413, 9413, 9414, 9417, 9418, 9418, 9418, 9420, 9420, 9421, 9423, 9425, 9425, 9426, 9426, 9426, 9427, 9427, 9429, 9430, 9431, 9435, 9435, 9435, 9436, 9438, 9438, 9438, 9439, 9440, 9441, 9441, 9442, 9443, 9445, 9447, 9447, 9448, 9448, 9448, 9448, 9449, 9450, 9450, 9450, 9450, 9450, 9451, 9452, 9454, 9454, 9455, 9455, 9456, 9456, 9457, 9457, 9457, 9458, 9460, 9461, 9463, 9465, 9465, 9465, 9466, 9468, 9469, 9470, 9470, 9470, 9470, 9472, 9472, 9473, 9474, 9475, 9479, 9479, 9482, 9484, 9485, 9486, 9486, 9486, 9491, 9491, 9492, 9493, 9493, 9494, 9495, 9495, 9496, 9496, 9498, 9499, 9501, 9501, 9507, 9508, 9512, 9516, 9516, 9516, 9516, 9518, 9518, 9520, 9521, 9521, 9521, 9522, 9523, 9524, 9526, 9526, 9527, 9528, 9529, 9529, 9530, 9531, 9532, 9532, 9535, 9536, 9540, 9540, 9543, 9545, 9548, 9550, 9554, 9555, 9556, 9556, 9559, 9559, 9560, 9560, 9561, 9566, 9566, 9566, 9568, 9568, 9571, 9571, 9572, 9572, 9573, 9573, 9574, 9574, 9576, 9577, 9578, 9578, 9579, 9580, 9581, 9584, 9586, 9589, 9590, 9592, 9592, 9594, 9594, 9594, 9595, 9595, 9596, 9596, 9596, 9596, 9597, 9598, 9598, 9599, 9601, 9602, 9602, 9603, 9603, 9603, 9606, 9610, 9611, 9611, 9612, 9612, 9612, 9612, 9614, 9614, 9615, 9615, 9615, 9616, 9616, 9619, 9620, 9620, 9621, 9623, 9624, 9624, 9625, 9628, 9631, 9632, 9633, 9633, 9638, 9638, 9639, 9640, 9640, 9643, 9645, 9646, 9646, 9647, 9648, 9653, 9653, 9655, 9658, 9658, 9659, 9660, 9663, 9664, 9664, 9665, 9665, 9666, 9667, 9669, 9669, 9669, 9670, 9670, 9670, 9671, 9671, 9671, 9671, 9671, 9672, 9672, 9673, 9674, 9675, 9677, 9677, 9678, 9680, 9683, 9686, 9686, 9690, 9690, 9690, 9691, 9696, 9697, 9698, 9698, 9701, 9703, 9704, 9706, 9707, 9707, 9708, 9709, 9709, 9709, 9711, 9712, 9712, 9715, 9717, 9721, 9722, 9722, 9723, 9724, 9725, 9726, 9726, 9727, 9729, 9729, 9732, 9737, 9737, 9738, 9739, 9741, 9741, 9742, 9743, 9743, 9743, 9743, 9745, 9746, 9746, 9747, 9750, 9752, 9753, 9753, 9753, 9755, 9756, 9759, 9759, 9759, 9760, 9761, 9761, 9762, 9767, 9767, 9769, 9769, 9770, 9773, 9774, 9775, 9776, 9776, 9778, 9779, 9781, 9781, 9782, 9783, 9783, 9787, 9787, 9788, 9789, 9790, 9793, 9796, 9797, 9798, 9798, 9799, 9801, 9802, 9803, 9805, 9805, 9806, 9807, 9812, 9812, 9814, 9815, 9817, 9820, 9820, 9821, 9821, 9821, 9822, 9822, 9823, 9823, 9826, 9826, 9826, 9827, 9828, 9828, 9828, 9829, 9829, 9831, 9832, 9833, 9833, 9833, 9834, 9838, 9838, 9840, 9840, 9841, 9841, 9842, 9842, 9842, 9843, 9843, 9843, 9844, 9847, 9848, 9849, 9851, 9853, 9857, 9858, 9858, 9858, 9858, 9859, 9859, 9861, 9863, 9864, 9864, 9866, 9868, 9871, 9871, 9872, 9872, 9873, 9876, 9876, 9878, 9879, 9880, 9880, 9883, 9883, 9886, 9887, 9887, 9887, 9889, 9889, 9889, 9890, 9891, 9893, 9894, 9896, 9897, 9898, 9899, 9899, 9899, 9899, 9899, 9900, 9900, 9903, 9904, 9905, 9905, 9906, 9906, 9907, 9908, 9909, 9909, 9909, 9910, 9916, 9917, 9917, 9918, 9919, 9920, 9920, 9922, 9922, 9923, 9924, 9925, 9926, 9927, 9928, 9928, 9931, 9932, 9935, 9938, 9938, 9938, 9939, 9940, 9940, 9942, 9942, 9944, 9946, 9947, 9947, 9947, 9948, 9953, 9953, 9953, 9954, 9957, 9958, 9958, 9958, 9959, 9959, 9959, 9960, 9961, 9961, 9962, 9962, 9964, 9964, 9966, 9966, 9967, 9967, 9967, 9968, 9968, 9969, 9969, 9970, 9971, 9973, 9973, 9973, 9976, 9976, 9977, 9979, 9979, 9980, 9980, 9980, 9984, 9985, 9988, 9989, 9990, 9990, 9990, 9991, 9992, 9992, 9992, 9997, 9997]&#xA;to be equivalent to&#xA;    &lt;[]int | len:1, cap:1&gt;: [1]&#xA;/go/src/github.com/alexunjm/golang-study-repo/intslice/intslice_test.go:126</failure>
      </testcase>
  </testsuite>